<?xml version="1.0" encoding="UTF-8"?>
<testsuites name="BO_TS002_CollectionCenter_View" time="39.235" tests="3" failures="0" skips="0" errors="0">
   <testsuite name="BO_TS002_CollectionCenter_View" tests="3" failures="0" errors="0" time="39.235" skips="0" timestamp="2022-10-25 00:25:45" hostname="carlcarriedo - 192.168.1.2" id="Test Suites/BackOffice_Functional_Tests/BO_TS002_CollectionCenter_View">
      <properties>
         <property name="deviceName" value=""/>
         <property name="devicePlatform" value=""/>
         <property name="logFolder" value="/Users/carlcarriedo/git/kayamo-automation/Reports/20221025_002521/BackOffice_Functional_Tests/BO_TS002_CollectionCenter_View/20221025_002521"/>
         <property name="logFiles" value="/Users/carlcarriedo/git/kayamo-automation/Reports/20221025_002521/BackOffice_Functional_Tests/BO_TS002_CollectionCenter_View/20221025_002521/execution0.log"/>
         <property name="attachments" value="/Users/carlcarriedo/git/kayamo-automation/Reports/20221025_002521/BackOffice_Functional_Tests/BO_TS002_CollectionCenter_View/20221025_002521/1666628762776.png, /Users/carlcarriedo/git/kayamo-automation/Reports/20221025_002521/BackOffice_Functional_Tests/BO_TS002_CollectionCenter_View/20221025_002521/1666628764266.png, /Users/carlcarriedo/git/kayamo-automation/Reports/20221025_002521/BackOffice_Functional_Tests/BO_TS002_CollectionCenter_View/20221025_002521/1666628770772.png, /Users/carlcarriedo/git/kayamo-automation/Reports/20221025_002521/BackOffice_Functional_Tests/BO_TS002_CollectionCenter_View/20221025_002521/1666628773745.png"/>
         <property name="hostName" value="carlcarriedo - 192.168.1.2"/>
         <property name="os" value="Mac OS X 64bit"/>
         <property name="katalonVersion" value="7.8.2.208"/>
         <property name="browser" value="Chrome 106.0.0.0"/>
         <property name="hostAddress" value="192.168.1.2"/>
         <property name="sessionId" value="9fc5723d5b46327485954c502a386660"/>
         <property name="seleniumVersion" value="3.141.59"/>
         <property name="proxyInformation" value="ProxyInformation { proxyOption=NO_PROXY, proxyServerType=HTTP, username=, password=********, proxyServerAddress=, proxyServerPort=0, executionList=&quot;&quot;, isApplyToDesiredCapabilities=true }"/>
         <property name="platform" value="Mac OS X"/>
      </properties>
      <testcase name="Test Cases/BackOffice_Functional/BO_Login" time="16.617" classname="Test Cases/BackOffice_Functional/BO_Login" status="PASSED">
         <system-out><![CDATA[2022-10-25 00:25:46 - [TEST_CASE][PASSED] - Test Cases/BackOffice_Functional/BO_Login: Test Cases/BackOffice_Functional/BO_Login

2022-10-25 00:25:47 - [TEST_STEP][PASSED] - openBrowser(""): Browser is opened with url: ''

2022-10-25 00:25:47 - [MESSAGE][INFO] - Starting 'Chrome' driver

2022-10-25 00:25:47 - [MESSAGE][INFO] - Action delay is set to 0 milliseconds

2022-10-25 00:25:52 - [MESSAGE][PASSED] - Browser is opened with url: ''

2022-10-25 00:25:52 - [TEST_STEP][PASSED] - maximizeWindow(): Current window maximized

2022-10-25 00:25:52 - [MESSAGE][PASSED] - Current window maximized

2022-10-25 00:25:52 - [TEST_STEP][PASSED] - navigateToUrl(url): Navigate to 'https://uat-admin.kayamo.com.ph/auth/login' successfully

2022-10-25 00:25:54 - [MESSAGE][PASSED] - Navigate to 'https://uat-admin.kayamo.com.ph/auth/login' successfully

2022-10-25 00:25:54 - [TEST_STEP][PASSED] - verifyElementPresent(findTestObject("BackOffice/Login_Logout/input_Username"), 0): Object 'Object Repository/BackOffice/Login_Logout/input_Username' is present

2022-10-25 00:25:54 - [MESSAGE][WARNING] - Timeout '0' is invalid. Using default page load timeout: '30'

2022-10-25 00:25:54 - [MESSAGE][PASSED] - Object 'Object Repository/BackOffice/Login_Logout/input_Username' is present

2022-10-25 00:25:54 - [TEST_STEP][PASSED] - setText(findTestObject("Object Repository/BackOffice/Login_Logout/input_Username"), username): Text 'kayamo888' is set on object 'Object Repository/BackOffice/Login_Logout/input_Username'

2022-10-25 00:25:56 - [MESSAGE][PASSED] - Text 'kayamo888' is set on object 'Object Repository/BackOffice/Login_Logout/input_Username'

2022-10-25 00:25:56 - [TEST_STEP][PASSED] - verifyElementPresent(findTestObject("BackOffice/Login_Logout/input_Password"), 0): Object 'Object Repository/BackOffice/Login_Logout/input_Password' is present

2022-10-25 00:25:56 - [MESSAGE][WARNING] - Timeout '0' is invalid. Using default page load timeout: '30'

2022-10-25 00:25:56 - [MESSAGE][PASSED] - Object 'Object Repository/BackOffice/Login_Logout/input_Password' is present

2022-10-25 00:25:56 - [TEST_STEP][PASSED] - setText(findTestObject("Object Repository/BackOffice/Login_Logout/input_Password"), password): Text 'KingBadger' is set on object 'Object Repository/BackOffice/Login_Logout/input_Password'

2022-10-25 00:25:57 - [MESSAGE][PASSED] - Text 'KingBadger' is set on object 'Object Repository/BackOffice/Login_Logout/input_Password'

2022-10-25 00:25:57 - [TEST_STEP][PASSED] - click(findTestObject("Object Repository/BackOffice/Login_Logout/button_Login")): Object: 'Object Repository/BackOffice/Login_Logout/button_Login' is clicked on

2022-10-25 00:25:59 - [MESSAGE][PASSED] - Object: 'Object Repository/BackOffice/Login_Logout/button_Login' is clicked on

2022-10-25 00:26:00 - [TEST_STEP][PASSED] - verifyElementText(findTestObject("BackOffice/Login_Logout/profile_Name"), profile_name): Actual text and expected text of test object 'Object Repository/BackOffice/Login_Logout/profile_Name' are matched.

2022-10-25 00:26:00 - [MESSAGE][PASSED] - Actual text and expected text of test object 'Object Repository/BackOffice/Login_Logout/profile_Name' are matched.

2022-10-25 00:26:00 - [TEST_STEP][PASSED] - takeScreenshot(): Taking screenshot successfully

2022-10-25 00:26:03 - [MESSAGE][PASSED] - Taking screenshot successfully
[[ATTACHMENT|/Users/carlcarriedo/git/kayamo-automation/Reports/20221025_002521/BackOffice_Functional_Tests/BO_TS002_CollectionCenter_View/20221025_002521/1666628762776.png]]]]></system-out>
         <system-err><![CDATA[]]></system-err>
      </testcase>
      <testcase name="Test Cases/BackOffice_Functional/BO_TC002_CollectionCenter_View" time="18.571" classname="Test Cases/BackOffice_Functional/BO_TC002_CollectionCenter_View" status="PASSED">
         <system-out><![CDATA[2022-10-25 00:26:03 - [TEST_CASE][PASSED] - Test Cases/BackOffice_Functional/BO_TC002_CollectionCenter_View: Test Cases/BackOffice_Functional/BO_TC002_CollectionCenter_View

2022-10-25 00:26:03 - [TEST_STEP][PASSED] - takeScreenshot(): Taking screenshot successfully

2022-10-25 00:26:04 - [MESSAGE][PASSED] - Taking screenshot successfully
[[ATTACHMENT|/Users/carlcarriedo/git/kayamo-automation/Reports/20221025_002521/BackOffice_Functional_Tests/BO_TS002_CollectionCenter_View/20221025_002521/1666628764266.png]]

2022-10-25 00:26:04 - [TEST_STEP][PASSED] - click(findTestObject("Object Repository/BackOffice/BO_Collection_Center/menu_Collection center")): Object: 'Object Repository/BackOffice/BO_Collection_Center/menu_Collection center' is clicked on

2022-10-25 00:26:05 - [MESSAGE][PASSED] - Object: 'Object Repository/BackOffice/BO_Collection_Center/menu_Collection center' is clicked on

2022-10-25 00:26:05 - [TEST_STEP][PASSED] - click(findTestObject("Object Repository/BackOffice/BO_Collection_Center/submenu_All cases")): Object: 'Object Repository/BackOffice/BO_Collection_Center/submenu_All cases' is clicked on

2022-10-25 00:26:07 - [MESSAGE][PASSED] - Object: 'Object Repository/BackOffice/BO_Collection_Center/submenu_All cases' is clicked on

2022-10-25 00:26:07 - [TEST_STEP][PASSED] - setText(findTestObject("Object Repository/BackOffice/BO_Collection_Center/input_Loan_Number"), loan_number): Text '9849' is set on object 'Object Repository/BackOffice/BO_Collection_Center/input_Loan_Number'

2022-10-25 00:26:08 - [MESSAGE][PASSED] - Text '9849' is set on object 'Object Repository/BackOffice/BO_Collection_Center/input_Loan_Number'

2022-10-25 00:26:08 - [TEST_STEP][PASSED] - click(findTestObject("Object Repository/BackOffice/BO_Collection_Center/button_Search")): Object: 'Object Repository/BackOffice/BO_Collection_Center/button_Search' is clicked on

2022-10-25 00:26:10 - [MESSAGE][PASSED] - Object: 'Object Repository/BackOffice/BO_Collection_Center/button_Search' is clicked on

2022-10-25 00:26:10 - [TEST_STEP][PASSED] - takeScreenshot(): Taking screenshot successfully

2022-10-25 00:26:11 - [MESSAGE][PASSED] - Taking screenshot successfully
[[ATTACHMENT|/Users/carlcarriedo/git/kayamo-automation/Reports/20221025_002521/BackOffice_Functional_Tests/BO_TS002_CollectionCenter_View/20221025_002521/1666628770772.png]]

2022-10-25 00:26:11 - [TEST_STEP][PASSED] - verifyElementText(findTestObject("BackOffice/BO_Merchant_Loan_Center/table_Loan_Number"), table_loan_number): Actual text and expected text of test object 'Object Repository/BackOffice/BO_Merchant_Loan_Center/table_Loan_Number' are matched.

2022-10-25 00:26:11 - [MESSAGE][PASSED] - Actual text and expected text of test object 'Object Repository/BackOffice/BO_Merchant_Loan_Center/table_Loan_Number' are matched.

2022-10-25 00:26:11 - [TEST_STEP][PASSED] - verifyElementText(findTestObject("BackOffice/BO_Collection_Center/table_Mobile_Number"), table_mobile_number): Actual text and expected text of test object 'Object Repository/BackOffice/BO_Collection_Center/table_Mobile_Number' are matched.

2022-10-25 00:26:11 - [MESSAGE][PASSED] - Actual text and expected text of test object 'Object Repository/BackOffice/BO_Collection_Center/table_Mobile_Number' are matched.

2022-10-25 00:26:11 - [TEST_STEP][PASSED] - verifyElementText(findTestObject("Object Repository/BackOffice/BO_Collection_Center/table_Status"), table_status): Actual text and expected text of test object 'Object Repository/BackOffice/BO_Collection_Center/table_Status' are matched.

2022-10-25 00:26:12 - [MESSAGE][PASSED] - Actual text and expected text of test object 'Object Repository/BackOffice/BO_Collection_Center/table_Status' are matched.

2022-10-25 00:26:12 - [TEST_STEP][PASSED] - click(findTestObject("Object Repository/BackOffice/BO_Collection_Center/table_View")): Object: 'Object Repository/BackOffice/BO_Collection_Center/table_View' is clicked on

2022-10-25 00:26:13 - [MESSAGE][PASSED] - Object: 'Object Repository/BackOffice/BO_Collection_Center/table_View' is clicked on

2022-10-25 00:26:13 - [TEST_STEP][PASSED] - takeFullPageScreenshot(): Taking screenshot successfully

2022-10-25 00:26:17 - [MESSAGE][PASSED] - Taking screenshot successfully
[[ATTACHMENT|/Users/carlcarriedo/git/kayamo-automation/Reports/20221025_002521/BackOffice_Functional_Tests/BO_TS002_CollectionCenter_View/20221025_002521/1666628773745.png]]

2022-10-25 00:26:17 - [TEST_STEP][PASSED] - verifyElementText(findTestObject("Object Repository/BackOffice/BO_Collection_Center/h3_Details"), h3_details): Actual text and expected text of test object 'Object Repository/BackOffice/BO_Collection_Center/h3_Details' are matched.

2022-10-25 00:26:18 - [MESSAGE][PASSED] - Actual text and expected text of test object 'Object Repository/BackOffice/BO_Collection_Center/h3_Details' are matched.

2022-10-25 00:26:18 - [TEST_STEP][PASSED] - verifyElementText(findTestObject("Object Repository/BackOffice/BO_Collection_Center/h2_Loan_Information"), h2_loan_information): Actual text and expected text of test object 'Object Repository/BackOffice/BO_Collection_Center/h2_Loan_Information' are matched.

2022-10-25 00:26:18 - [MESSAGE][PASSED] - Actual text and expected text of test object 'Object Repository/BackOffice/BO_Collection_Center/h2_Loan_Information' are matched.

2022-10-25 00:26:18 - [TEST_STEP][PASSED] - verifyElementText(findTestObject("Object Repository/BackOffice/BO_Collection_Center/h2_Personal_Contact_Information"), h2_personal_contact_information): Actual text and expected text of test object 'Object Repository/BackOffice/BO_Collection_Center/h2_Personal_Contact_Information' are matched.

2022-10-25 00:26:18 - [MESSAGE][PASSED] - Actual text and expected text of test object 'Object Repository/BackOffice/BO_Collection_Center/h2_Personal_Contact_Information' are matched.

2022-10-25 00:26:18 - [TEST_STEP][PASSED] - verifyElementText(findTestObject("Object Repository/BackOffice/BO_Collection_Center/h2_Contact Reference"), h2_contact_reference): Actual text and expected text of test object 'Object Repository/BackOffice/BO_Collection_Center/h2_Contact Reference' are matched.

2022-10-25 00:26:19 - [MESSAGE][PASSED] - Actual text and expected text of test object 'Object Repository/BackOffice/BO_Collection_Center/h2_Contact Reference' are matched.

2022-10-25 00:26:19 - [TEST_STEP][PASSED] - verifyElementText(findTestObject("Object Repository/BackOffice/BO_Collection_Center/table_Contact_Reference _Reference"), "Relationship"): Actual text and expected text of test object 'Object Repository/BackOffice/BO_Collection_Center/table_Contact_Reference _Reference' are matched.

2022-10-25 00:26:19 - [MESSAGE][PASSED] - Actual text and expected text of test object 'Object Repository/BackOffice/BO_Collection_Center/table_Contact_Reference _Reference' are matched.

2022-10-25 00:26:19 - [TEST_STEP][PASSED] - verifyElementText(findTestObject("BackOffice/BO_Collection_Center/h2_Collection_Detail_Logs"), h2_collection_detail_logs): Actual text and expected text of test object 'Object Repository/BackOffice/BO_Collection_Center/h2_Collection_Detail_Logs' are matched.

2022-10-25 00:26:20 - [MESSAGE][PASSED] - Actual text and expected text of test object 'Object Repository/BackOffice/BO_Collection_Center/h2_Collection_Detail_Logs' are matched.

2022-10-25 00:26:20 - [TEST_STEP][PASSED] - verifyElementText(findTestObject("Object Repository/BackOffice/BO_Collection_Center/table_CollectionDetailLogs_Created_Date"), "Created Date"): Actual text and expected text of test object 'Object Repository/BackOffice/BO_Collection_Center/table_CollectionDetailLogs_Created_Date' are matched.

2022-10-25 00:26:20 - [MESSAGE][PASSED] - Actual text and expected text of test object 'Object Repository/BackOffice/BO_Collection_Center/table_CollectionDetailLogs_Created_Date' are matched.

2022-10-25 00:26:20 - [TEST_STEP][PASSED] - verifyElementText(findTestObject("Object Repository/BackOffice/BO_Collection_Center/LoanInformation_Loan_Number"), loaninformation_loan_number): Actual text and expected text of test object 'Object Repository/BackOffice/BO_Collection_Center/LoanInformation_Loan_Number' are matched.

2022-10-25 00:26:20 - [MESSAGE][PASSED] - Actual text and expected text of test object 'Object Repository/BackOffice/BO_Collection_Center/LoanInformation_Loan_Number' are matched.

2022-10-25 00:26:20 - [TEST_STEP][PASSED] - verifyElementText(findTestObject("Object Repository/BackOffice/BO_Collection_Center/PersonalContactInfo_Full_Name"), personalcontaciInfo_full_name): Actual text and expected text of test object 'Object Repository/BackOffice/BO_Collection_Center/PersonalContactInfo_Full_Name' are matched.

2022-10-25 00:26:21 - [MESSAGE][PASSED] - Actual text and expected text of test object 'Object Repository/BackOffice/BO_Collection_Center/PersonalContactInfo_Full_Name' are matched.

2022-10-25 00:26:21 - [TEST_STEP][PASSED] - verifyElementText(findTestObject("Object Repository/BackOffice/BO_Collection_Center/PersonalContactInfo_Mobile_Number"), personalcontaciInfo_mobile_number): Actual text and expected text of test object 'Object Repository/BackOffice/BO_Collection_Center/PersonalContactInfo_Mobile_Number' are matched.

2022-10-25 00:26:21 - [MESSAGE][PASSED] - Actual text and expected text of test object 'Object Repository/BackOffice/BO_Collection_Center/PersonalContactInfo_Mobile_Number' are matched.

2022-10-25 00:26:21 - [TEST_STEP][PASSED] - verifyElementPresent(findTestObject("Object Repository/BackOffice/BO_Collection_Center/ContactReference_Table"), 0): Object 'Object Repository/BackOffice/BO_Collection_Center/ContactReference_Table' is present

2022-10-25 00:26:21 - [MESSAGE][WARNING] - Timeout '0' is invalid. Using default page load timeout: '30'

2022-10-25 00:26:22 - [MESSAGE][PASSED] - Object 'Object Repository/BackOffice/BO_Collection_Center/ContactReference_Table' is present]]></system-out>
         <system-err><![CDATA[]]></system-err>
      </testcase>
      <testcase name="Test Cases/BackOffice_Functional/BO_Logout" time="2.522" classname="Test Cases/BackOffice_Functional/BO_Logout" status="PASSED">
         <system-out><![CDATA[2022-10-25 00:26:22 - [TEST_CASE][PASSED] - Test Cases/BackOffice_Functional/BO_Logout: Test Cases/BackOffice_Functional/BO_Logout

2022-10-25 00:26:22 - [TEST_STEP][PASSED] - click(findTestObject("BackOffice/Login_Logout/profile_icon")): Object: 'Object Repository/BackOffice/Login_Logout/profile_icon' is clicked on

2022-10-25 00:26:22 - [MESSAGE][PASSED] - Object: 'Object Repository/BackOffice/Login_Logout/profile_icon' is clicked on

2022-10-25 00:26:22 - [TEST_STEP][PASSED] - click(findTestObject("Object Repository/BackOffice/Login_Logout/profile_logout")): Object: 'Object Repository/BackOffice/Login_Logout/profile_logout' is clicked on

2022-10-25 00:26:23 - [MESSAGE][PASSED] - Object: 'Object Repository/BackOffice/Login_Logout/profile_logout' is clicked on

2022-10-25 00:26:23 - [TEST_STEP][PASSED] - verifyElementPresent(findTestObject("BackOffice/Login_Logout/input_Username"), 0): Object 'Object Repository/BackOffice/Login_Logout/input_Username' is present

2022-10-25 00:26:23 - [MESSAGE][WARNING] - Timeout '0' is invalid. Using default page load timeout: '30'

2022-10-25 00:26:24 - [MESSAGE][PASSED] - Object 'Object Repository/BackOffice/Login_Logout/input_Username' is present

2022-10-25 00:26:24 - [TEST_STEP][PASSED] - verifyElementPresent(findTestObject("BackOffice/Login_Logout/input_Password"), 0): Object 'Object Repository/BackOffice/Login_Logout/input_Password' is present

2022-10-25 00:26:24 - [MESSAGE][WARNING] - Timeout '0' is invalid. Using default page load timeout: '30'

2022-10-25 00:26:24 - [MESSAGE][PASSED] - Object 'Object Repository/BackOffice/Login_Logout/input_Password' is present

2022-10-25 00:26:24 - [TEST_STEP][PASSED] - closeBrowser(): Browser is closed

2022-10-25 00:26:24 - [MESSAGE][PASSED] - Browser is closed]]></system-out>
         <system-err><![CDATA[]]></system-err>
      </testcase>
      <system-out><![CDATA[2022-10-25 00:25:45 - [TEST_SUITE][PASSED] - BO_TS002_CollectionCenter_View: Test Cases/BackOffice_Functional/BO_Logout]]></system-out>
      <system-err><![CDATA[]]></system-err>
   </testsuite>
</testsuites>
