<?xml version="1.0" encoding="UTF-8"?>
<testsuites name="BO_TS001_Merchant_Loan_Center" time="55.869" tests="3" failures="0" skips="0" errors="0">
   <testsuite name="BO_TS001_Merchant_Loan_Center" tests="3" failures="0" errors="0" time="55.869" skips="0" timestamp="2022-10-25 00:23:40" hostname="carlcarriedo - 192.168.1.2" id="Test Suites/BackOffice_Functional_Tests/BO_TS001_Merchant_Loan_Center">
      <properties>
         <property name="deviceName" value=""/>
         <property name="devicePlatform" value=""/>
         <property name="logFolder" value="/Users/carlcarriedo/git/kayamo-automation/Reports/20221025_002322/BackOffice_Functional_Tests/BO_TS001_Merchant_Loan_Center/20221025_002322"/>
         <property name="logFiles" value="/Users/carlcarriedo/git/kayamo-automation/Reports/20221025_002322/BackOffice_Functional_Tests/BO_TS001_Merchant_Loan_Center/20221025_002322/execution0.log"/>
         <property name="attachments" value="/Users/carlcarriedo/git/kayamo-automation/Reports/20221025_002322/BackOffice_Functional_Tests/BO_TS001_Merchant_Loan_Center/20221025_002322/1666628639626.png, /Users/carlcarriedo/git/kayamo-automation/Reports/20221025_002322/BackOffice_Functional_Tests/BO_TS001_Merchant_Loan_Center/20221025_002322/1666628640732.png, /Users/carlcarriedo/git/kayamo-automation/Reports/20221025_002322/BackOffice_Functional_Tests/BO_TS001_Merchant_Loan_Center/20221025_002322/1666628649943.png, /Users/carlcarriedo/git/kayamo-automation/Reports/20221025_002322/BackOffice_Functional_Tests/BO_TS001_Merchant_Loan_Center/20221025_002322/1666628667566.png"/>
         <property name="hostName" value="carlcarriedo - 192.168.1.2"/>
         <property name="os" value="Mac OS X 64bit"/>
         <property name="katalonVersion" value="7.8.2.208"/>
         <property name="browser" value="Chrome 106.0.0.0"/>
         <property name="hostAddress" value="192.168.1.2"/>
         <property name="sessionId" value="14856b8fe58a534e132adb13ab1f9414"/>
         <property name="seleniumVersion" value="3.141.59"/>
         <property name="proxyInformation" value="ProxyInformation { proxyOption=NO_PROXY, proxyServerType=HTTP, username=, password=********, proxyServerAddress=, proxyServerPort=0, executionList=&quot;&quot;, isApplyToDesiredCapabilities=true }"/>
         <property name="platform" value="Mac OS X"/>
      </properties>
      <testcase name="Test Cases/BackOffice_Functional/BO_Login" time="18.361" classname="Test Cases/BackOffice_Functional/BO_Login" status="PASSED">
         <system-out><![CDATA[2022-10-25 00:23:41 - [TEST_CASE][PASSED] - Test Cases/BackOffice_Functional/BO_Login: Test Cases/BackOffice_Functional/BO_Login

2022-10-25 00:23:42 - [TEST_STEP][PASSED] - openBrowser(""): Browser is opened with url: ''

2022-10-25 00:23:42 - [MESSAGE][INFO] - Starting 'Chrome' driver

2022-10-25 00:23:42 - [MESSAGE][INFO] - Action delay is set to 0 milliseconds

2022-10-25 00:23:47 - [MESSAGE][PASSED] - Browser is opened with url: ''

2022-10-25 00:23:47 - [TEST_STEP][PASSED] - maximizeWindow(): Current window maximized

2022-10-25 00:23:47 - [MESSAGE][PASSED] - Current window maximized

2022-10-25 00:23:47 - [TEST_STEP][PASSED] - navigateToUrl(url): Navigate to 'https://uat-admin.kayamo.com.ph/auth/login' successfully

2022-10-25 00:23:51 - [MESSAGE][PASSED] - Navigate to 'https://uat-admin.kayamo.com.ph/auth/login' successfully

2022-10-25 00:23:51 - [TEST_STEP][PASSED] - verifyElementPresent(findTestObject("BackOffice/Login_Logout/input_Username"), 0): Object 'Object Repository/BackOffice/Login_Logout/input_Username' is present

2022-10-25 00:23:51 - [MESSAGE][WARNING] - Timeout '0' is invalid. Using default page load timeout: '30'

2022-10-25 00:23:51 - [MESSAGE][PASSED] - Object 'Object Repository/BackOffice/Login_Logout/input_Username' is present

2022-10-25 00:23:51 - [TEST_STEP][PASSED] - setText(findTestObject("Object Repository/BackOffice/Login_Logout/input_Username"), username): Text 'kayamo888' is set on object 'Object Repository/BackOffice/Login_Logout/input_Username'

2022-10-25 00:23:53 - [MESSAGE][PASSED] - Text 'kayamo888' is set on object 'Object Repository/BackOffice/Login_Logout/input_Username'

2022-10-25 00:23:53 - [TEST_STEP][PASSED] - verifyElementPresent(findTestObject("BackOffice/Login_Logout/input_Password"), 0): Object 'Object Repository/BackOffice/Login_Logout/input_Password' is present

2022-10-25 00:23:53 - [MESSAGE][WARNING] - Timeout '0' is invalid. Using default page load timeout: '30'

2022-10-25 00:23:53 - [MESSAGE][PASSED] - Object 'Object Repository/BackOffice/Login_Logout/input_Password' is present

2022-10-25 00:23:53 - [TEST_STEP][PASSED] - setText(findTestObject("Object Repository/BackOffice/Login_Logout/input_Password"), password): Text 'KingBadger' is set on object 'Object Repository/BackOffice/Login_Logout/input_Password'

2022-10-25 00:23:54 - [MESSAGE][PASSED] - Text 'KingBadger' is set on object 'Object Repository/BackOffice/Login_Logout/input_Password'

2022-10-25 00:23:54 - [TEST_STEP][PASSED] - click(findTestObject("Object Repository/BackOffice/Login_Logout/button_Login")): Object: 'Object Repository/BackOffice/Login_Logout/button_Login' is clicked on

2022-10-25 00:23:56 - [MESSAGE][PASSED] - Object: 'Object Repository/BackOffice/Login_Logout/button_Login' is clicked on

2022-10-25 00:23:56 - [TEST_STEP][PASSED] - verifyElementText(findTestObject("BackOffice/Login_Logout/profile_Name"), profile_name): Actual text and expected text of test object 'Object Repository/BackOffice/Login_Logout/profile_Name' are matched.

2022-10-25 00:23:59 - [MESSAGE][PASSED] - Actual text and expected text of test object 'Object Repository/BackOffice/Login_Logout/profile_Name' are matched.

2022-10-25 00:23:59 - [TEST_STEP][PASSED] - takeScreenshot(): Taking screenshot successfully

2022-10-25 00:24:00 - [MESSAGE][PASSED] - Taking screenshot successfully
[[ATTACHMENT|/Users/carlcarriedo/git/kayamo-automation/Reports/20221025_002322/BackOffice_Functional_Tests/BO_TS001_Merchant_Loan_Center/20221025_002322/1666628639626.png]]]]></system-out>
         <system-err><![CDATA[]]></system-err>
      </testcase>
      <testcase name="Test Cases/BackOffice_Functional/BO_TC001_BatchGenerateDemandLetter" time="32.776" classname="Test Cases/BackOffice_Functional/BO_TC001_BatchGenerateDemandLetter" status="PASSED">
         <system-out><![CDATA[2022-10-25 00:24:00 - [TEST_CASE][PASSED] - Test Cases/BackOffice_Functional/BO_TC001_BatchGenerateDemandLetter: Test Cases/BackOffice_Functional/BO_TC001_BatchGenerateDemandLetter

2022-10-25 00:24:00 - [TEST_STEP][PASSED] - takeScreenshot(): Taking screenshot successfully

2022-10-25 00:24:01 - [MESSAGE][PASSED] - Taking screenshot successfully
[[ATTACHMENT|/Users/carlcarriedo/git/kayamo-automation/Reports/20221025_002322/BackOffice_Functional_Tests/BO_TS001_Merchant_Loan_Center/20221025_002322/1666628640732.png]]

2022-10-25 00:24:01 - [TEST_STEP][PASSED] - click(findTestObject("Object Repository/BackOffice/BO_Merchant_Loan_Center/menu_Merchant_Loan_Center")): Object: 'Object Repository/BackOffice/BO_Merchant_Loan_Center/menu_Merchant_Loan_Center' is clicked on

2022-10-25 00:24:01 - [MESSAGE][PASSED] - Object: 'Object Repository/BackOffice/BO_Merchant_Loan_Center/menu_Merchant_Loan_Center' is clicked on

2022-10-25 00:24:01 - [TEST_STEP][PASSED] - click(findTestObject("Object Repository/BackOffice/BO_Merchant_Loan_Center/submenu_All_Loans")): Object: 'Object Repository/BackOffice/BO_Merchant_Loan_Center/submenu_All_Loans' is clicked on

2022-10-25 00:24:03 - [MESSAGE][PASSED] - Object: 'Object Repository/BackOffice/BO_Merchant_Loan_Center/submenu_All_Loans' is clicked on

2022-10-25 00:24:03 - [TEST_STEP][PASSED] - setText(findTestObject("BackOffice/BO_Merchant_Loan_Center/input_Loan_Number"), loan_number): Text '9849' is set on object 'Object Repository/BackOffice/BO_Merchant_Loan_Center/input_Loan_Number'

2022-10-25 00:24:04 - [MESSAGE][PASSED] - Text '9849' is set on object 'Object Repository/BackOffice/BO_Merchant_Loan_Center/input_Loan_Number'

2022-10-25 00:24:04 - [TEST_STEP][PASSED] - setText(findTestObject("Object Repository/BackOffice/BO_Merchant_Loan_Center/input_Mobile_Number"), mobile_number): Text '9227628733' is set on object 'Object Repository/BackOffice/BO_Merchant_Loan_Center/input_Mobile_Number'

2022-10-25 00:24:05 - [MESSAGE][PASSED] - Text '9227628733' is set on object 'Object Repository/BackOffice/BO_Merchant_Loan_Center/input_Mobile_Number'

2022-10-25 00:24:05 - [TEST_STEP][PASSED] - selectOptionByValue(findTestObject("Object Repository/BackOffice/BO_Merchant_Loan_Center/select_Status"), select_status, true): All options with value 'overdue' are selected in object 'Object Repository/BackOffice/BO_Merchant_Loan_Center/select_Status'  using regular expression

2022-10-25 00:24:07 - [MESSAGE][PASSED] - All options with value 'overdue' are selected in object 'Object Repository/BackOffice/BO_Merchant_Loan_Center/select_Status'  using regular expression

2022-10-25 00:24:07 - [TEST_STEP][PASSED] - click(findTestObject("Object Repository/BackOffice/BO_Merchant_Loan_Center/button_Search")): Object: 'Object Repository/BackOffice/BO_Merchant_Loan_Center/button_Search' is clicked on

2022-10-25 00:24:09 - [MESSAGE][PASSED] - Object: 'Object Repository/BackOffice/BO_Merchant_Loan_Center/button_Search' is clicked on

2022-10-25 00:24:09 - [TEST_STEP][PASSED] - verifyElementText(findTestObject("BackOffice/BO_Merchant_Loan_Center/table_Loan_Number"), table_loan_number): Actual text and expected text of test object 'Object Repository/BackOffice/BO_Merchant_Loan_Center/table_Loan_Number' are matched.

2022-10-25 00:24:09 - [MESSAGE][PASSED] - Actual text and expected text of test object 'Object Repository/BackOffice/BO_Merchant_Loan_Center/table_Loan_Number' are matched.

2022-10-25 00:24:09 - [TEST_STEP][PASSED] - takeScreenshot(): Taking screenshot successfully

2022-10-25 00:24:10 - [MESSAGE][PASSED] - Taking screenshot successfully
[[ATTACHMENT|/Users/carlcarriedo/git/kayamo-automation/Reports/20221025_002322/BackOffice_Functional_Tests/BO_TS001_Merchant_Loan_Center/20221025_002322/1666628649943.png]]

2022-10-25 00:24:10 - [TEST_STEP][PASSED] - click(findTestObject("BackOffice/BO_Merchant_Loan_Center/input_Mobile_Number")): Object: 'Object Repository/BackOffice/BO_Merchant_Loan_Center/input_Mobile_Number' is clicked on

2022-10-25 00:24:10 - [MESSAGE][PASSED] - Object: 'Object Repository/BackOffice/BO_Merchant_Loan_Center/input_Mobile_Number' is clicked on

2022-10-25 00:24:10 - [TEST_STEP][PASSED] - verifyElementText(findTestObject("BackOffice/BO_Merchant_Loan_Center/table_Status"), table_status): Actual text and expected text of test object 'Object Repository/BackOffice/BO_Merchant_Loan_Center/table_Status' are matched.

2022-10-25 00:24:11 - [MESSAGE][PASSED] - Actual text and expected text of test object 'Object Repository/BackOffice/BO_Merchant_Loan_Center/table_Status' are matched.

2022-10-25 00:24:11 - [TEST_STEP][PASSED] - click(findTestObject("BackOffice/BO_Merchant_Loan_Center/table_View")): Object: 'Object Repository/BackOffice/BO_Merchant_Loan_Center/table_View' is clicked on

2022-10-25 00:24:19 - [MESSAGE][PASSED] - Object: 'Object Repository/BackOffice/BO_Merchant_Loan_Center/table_View' is clicked on

2022-10-25 00:24:19 - [TEST_STEP][PASSED] - click(findTestObject("Object Repository/BackOffice/BO_Merchant_Loan_Center/details_Contact_Number")): Object: 'Object Repository/BackOffice/BO_Merchant_Loan_Center/details_Contact_Number' is clicked on

2022-10-25 00:24:20 - [MESSAGE][PASSED] - Object: 'Object Repository/BackOffice/BO_Merchant_Loan_Center/details_Contact_Number' is clicked on

2022-10-25 00:24:20 - [TEST_STEP][PASSED] - click(findTestObject("Object Repository/BackOffice/BO_Merchant_Loan_Center/button_Demand Letter")): Object: 'Object Repository/BackOffice/BO_Merchant_Loan_Center/button_Demand Letter' is clicked on

2022-10-25 00:24:22 - [MESSAGE][PASSED] - Object: 'Object Repository/BackOffice/BO_Merchant_Loan_Center/button_Demand Letter' is clicked on

2022-10-25 00:24:22 - [TEST_STEP][PASSED] - delay(5): Delayed 5 second(s)

2022-10-25 00:24:27 - [MESSAGE][PASSED] - Delayed 5 second(s)

2022-10-25 00:24:27 - [TEST_STEP][PASSED] - takeScreenshot(): Taking screenshot successfully

2022-10-25 00:24:27 - [MESSAGE][PASSED] - Taking screenshot successfully
[[ATTACHMENT|/Users/carlcarriedo/git/kayamo-automation/Reports/20221025_002322/BackOffice_Functional_Tests/BO_TS001_Merchant_Loan_Center/20221025_002322/1666628667566.png]]

2022-10-25 00:24:27 - [TEST_STEP][PASSED] - pdfKeywords.verifyFileDownloaded.checkFileDownloaded(downloadPath, fileName): demand-letter.pdf exist in /Users/carlcarriedo/Downloads

2022-10-25 00:24:27 - [MESSAGE][PASSED] - demand-letter.pdf exist in /Users/carlcarriedo/Downloads

2022-10-25 00:24:27 - [TEST_STEP][PASSED] - delay(5): Delayed 5 second(s)

2022-10-25 00:24:32 - [MESSAGE][PASSED] - Delayed 5 second(s)]]></system-out>
         <system-err><![CDATA[]]></system-err>
      </testcase>
      <testcase name="Test Cases/BackOffice_Functional/BO_Logout" time="2.818" classname="Test Cases/BackOffice_Functional/BO_Logout" status="PASSED">
         <system-out><![CDATA[2022-10-25 00:24:33 - [TEST_CASE][PASSED] - Test Cases/BackOffice_Functional/BO_Logout: Test Cases/BackOffice_Functional/BO_Logout

2022-10-25 00:24:33 - [TEST_STEP][PASSED] - click(findTestObject("BackOffice/Login_Logout/profile_icon")): Object: 'Object Repository/BackOffice/Login_Logout/profile_icon' is clicked on

2022-10-25 00:24:34 - [MESSAGE][PASSED] - Object: 'Object Repository/BackOffice/Login_Logout/profile_icon' is clicked on

2022-10-25 00:24:34 - [TEST_STEP][PASSED] - click(findTestObject("Object Repository/BackOffice/Login_Logout/profile_logout")): Object: 'Object Repository/BackOffice/Login_Logout/profile_logout' is clicked on

2022-10-25 00:24:34 - [MESSAGE][PASSED] - Object: 'Object Repository/BackOffice/Login_Logout/profile_logout' is clicked on

2022-10-25 00:24:34 - [TEST_STEP][PASSED] - verifyElementPresent(findTestObject("BackOffice/Login_Logout/input_Username"), 0): Object 'Object Repository/BackOffice/Login_Logout/input_Username' is present

2022-10-25 00:24:34 - [MESSAGE][WARNING] - Timeout '0' is invalid. Using default page load timeout: '30'

2022-10-25 00:24:35 - [MESSAGE][PASSED] - Object 'Object Repository/BackOffice/Login_Logout/input_Username' is present

2022-10-25 00:24:35 - [TEST_STEP][PASSED] - verifyElementPresent(findTestObject("BackOffice/Login_Logout/input_Password"), 0): Object 'Object Repository/BackOffice/Login_Logout/input_Password' is present

2022-10-25 00:24:35 - [MESSAGE][WARNING] - Timeout '0' is invalid. Using default page load timeout: '30'

2022-10-25 00:24:35 - [MESSAGE][PASSED] - Object 'Object Repository/BackOffice/Login_Logout/input_Password' is present

2022-10-25 00:24:35 - [TEST_STEP][PASSED] - closeBrowser(): Browser is closed

2022-10-25 00:24:35 - [MESSAGE][PASSED] - Browser is closed]]></system-out>
         <system-err><![CDATA[]]></system-err>
      </testcase>
      <system-out><![CDATA[2022-10-25 00:23:40 - [TEST_SUITE][PASSED] - BO_TS001_Merchant_Loan_Center: Test Cases/BackOffice_Functional/BO_Logout]]></system-out>
      <system-err><![CDATA[]]></system-err>
   </testsuite>
</testsuites>
