<?xml version="1.0" encoding="UTF-8"?>
<testsuites name="E2E_TS001_New_Loan_Application" time="196.509" tests="6" failures="0" skips="0" errors="0">
   <testsuite name="E2E_TS001_New_Loan_Application" tests="6" failures="0" errors="0" time="196.509" skips="0" timestamp="2022-10-24 22:18:33" hostname="carlcarriedo - 192.168.1.2" id="Test Suites/End-to-End _Tests/E2E_TS001_New_Loan_Application">
      <properties>
         <property name="deviceName" value=""/>
         <property name="devicePlatform" value=""/>
         <property name="logFolder" value="/Users/carlcarriedo/git/kayamo-automation/Reports/20221024_221812/End-to-End _Tests/E2E_TS001_New_Loan_Application/20221024_221812"/>
         <property name="logFiles" value="/Users/carlcarriedo/git/kayamo-automation/Reports/20221024_221812/End-to-End _Tests/E2E_TS001_New_Loan_Application/20221024_221812/execution0.log"/>
         <property name="attachments" value="/Users/carlcarriedo/git/kayamo-automation/Reports/20221024_221812/End-to-End _Tests/E2E_TS001_New_Loan_Application/20221024_221812/1666621155291.png, /Users/carlcarriedo/git/kayamo-automation/Reports/20221024_221812/End-to-End _Tests/E2E_TS001_New_Loan_Application/20221024_221812/1666621206553.png"/>
         <property name="hostName" value="carlcarriedo - 192.168.1.2"/>
         <property name="os" value="Mac OS X 64bit"/>
         <property name="katalonVersion" value="7.8.2.208"/>
         <property name="browser" value="Chrome 106.0.0.0"/>
         <property name="hostAddress" value="192.168.1.2"/>
         <property name="sessionId" value="81190090485272f268709bf2515f6272"/>
         <property name="seleniumVersion" value="3.141.59"/>
         <property name="proxyInformation" value="ProxyInformation { proxyOption=NO_PROXY, proxyServerType=HTTP, username=, password=********, proxyServerAddress=, proxyServerPort=0, executionList=&quot;&quot;, isApplyToDesiredCapabilities=true }"/>
         <property name="platform" value="Mac OS X"/>
      </properties>
      <testcase name="Test Cases/KayamoSite_Functional/KS_TC002_Signup_Login_Valid_Login" time="41.467" classname="Test Cases/KayamoSite_Functional/KS_TC002_Signup_Login_Valid_Login" status="PASSED">
         <system-out><![CDATA[2022-10-24 22:18:34 - [TEST_CASE][PASSED] - Test Cases/KayamoSite_Functional/KS_TC002_Signup_Login_Valid_Login: Test Cases/KayamoSite_Functional/KS_TC002_Signup_Login_Valid_Login

2022-10-24 22:18:34 - [TEST_STEP][PASSED] - openBrowser(""): Browser is opened with url: ''

2022-10-24 22:18:34 - [MESSAGE][INFO] - Starting 'Chrome' driver

2022-10-24 22:18:34 - [MESSAGE][INFO] - Action delay is set to 0 milliseconds

2022-10-24 22:18:40 - [MESSAGE][PASSED] - Browser is opened with url: ''

2022-10-24 22:18:40 - [TEST_STEP][PASSED] - maximizeWindow(): Current window maximized

2022-10-24 22:18:40 - [MESSAGE][PASSED] - Current window maximized

2022-10-24 22:18:40 - [TEST_STEP][PASSED] - deleteAllCookies(): Delete all cookies successfully

2022-10-24 22:18:40 - [MESSAGE][PASSED] - Delete all cookies successfully

2022-10-24 22:18:40 - [TEST_STEP][PASSED] - navigateToUrl(url): Navigate to 'https://uat.kayamo.com.ph/?referrer=seekcap' successfully

2022-10-24 22:18:48 - [MESSAGE][PASSED] - Navigate to 'https://uat.kayamo.com.ph/?referrer=seekcap' successfully

2022-10-24 22:18:48 - [TEST_STEP][PASSED] - waitForElementVisible(findTestObject("KayamoSite_Home_Page/promotion_Alert"), 0): Object 'Object Repository/KayamoSite_Home_Page/promotion_Alert' is visible

2022-10-24 22:18:48 - [MESSAGE][WARNING] - Timeout '0' is invalid. Using default page load timeout: '30'

2022-10-24 22:18:52 - [MESSAGE][PASSED] - Object 'Object Repository/KayamoSite_Home_Page/promotion_Alert' is visible

2022-10-24 22:18:52 - [TEST_STEP][PASSED] - click(findTestObject("KayamoSite_Home_Page/promotion_Alert")): Object: 'Object Repository/KayamoSite_Home_Page/promotion_Alert' is clicked on

2022-10-24 22:18:53 - [MESSAGE][PASSED] - Object: 'Object Repository/KayamoSite_Home_Page/promotion_Alert' is clicked on

2022-10-24 22:18:53 - [TEST_STEP][PASSED] - waitForElementVisible(findTestObject("KayamoSite_Home_Page/menu_Login_or_Signup"), 0): Object 'Object Repository/KayamoSite_Home_Page/menu_Login_or_Signup' is visible

2022-10-24 22:18:53 - [MESSAGE][WARNING] - Timeout '0' is invalid. Using default page load timeout: '30'

2022-10-24 22:18:54 - [MESSAGE][PASSED] - Object 'Object Repository/KayamoSite_Home_Page/menu_Login_or_Signup' is visible

2022-10-24 22:18:54 - [TEST_STEP][PASSED] - click(findTestObject("KayamoSite_Home_Page/menu_Login_or_Signup")): Object: 'Object Repository/KayamoSite_Home_Page/menu_Login_or_Signup' is clicked on

2022-10-24 22:18:55 - [MESSAGE][PASSED] - Object: 'Object Repository/KayamoSite_Home_Page/menu_Login_or_Signup' is clicked on

2022-10-24 22:18:55 - [TEST_STEP][PASSED] - waitForElementVisible(findTestObject("KayamoSite_Home_Page/input_LogIn_SignUp_mobile_number"), 0): Object 'Object Repository/KayamoSite_Home_Page/input_LogIn_SignUp_mobile_number' is visible

2022-10-24 22:18:55 - [MESSAGE][WARNING] - Timeout '0' is invalid. Using default page load timeout: '30'

2022-10-24 22:18:56 - [MESSAGE][PASSED] - Object 'Object Repository/KayamoSite_Home_Page/input_LogIn_SignUp_mobile_number' is visible

2022-10-24 22:18:56 - [TEST_STEP][PASSED] - setText(findTestObject("KayamoSite_Home_Page/input_LogIn_SignUp_mobile_number"), phone_number): Text '9813942373' is set on object 'Object Repository/KayamoSite_Home_Page/input_LogIn_SignUp_mobile_number'

2022-10-24 22:18:58 - [MESSAGE][PASSED] - Text '9813942373' is set on object 'Object Repository/KayamoSite_Home_Page/input_LogIn_SignUp_mobile_number'

2022-10-24 22:18:58 - [TEST_STEP][PASSED] - click(findTestObject("KayamoSite_Home_Page/input_LogInSignUp_OTP1")): Object: 'Object Repository/KayamoSite_Home_Page/input_LogInSignUp_OTP1' is clicked on

2022-10-24 22:18:58 - [MESSAGE][PASSED] - Object: 'Object Repository/KayamoSite_Home_Page/input_LogInSignUp_OTP1' is clicked on

2022-10-24 22:18:58 - [TEST_STEP][PASSED] - setText(findTestObject("KayamoSite_Profile_Page/input_Log In  Sign Up_verification_code"), verification_code1): Text '1' is set on object 'Object Repository/KayamoSite_Profile_Page/input_Log In  Sign Up_verification_code'

2022-10-24 22:18:59 - [MESSAGE][PASSED] - Text '1' is set on object 'Object Repository/KayamoSite_Profile_Page/input_Log In  Sign Up_verification_code'

2022-10-24 22:18:59 - [TEST_STEP][PASSED] - click(findTestObject("KayamoSite_Home_Page/input_LogInSignUp_OTP2")): Object: 'Object Repository/KayamoSite_Home_Page/input_LogInSignUp_OTP2' is clicked on

2022-10-24 22:18:59 - [MESSAGE][PASSED] - Object: 'Object Repository/KayamoSite_Home_Page/input_LogInSignUp_OTP2' is clicked on

2022-10-24 22:18:59 - [TEST_STEP][PASSED] - setText(findTestObject("KayamoSite_Home_Page/input_LogIn_SignUp_verification_code"), verification_code2): Text '12' is set on object 'Object Repository/KayamoSite_Home_Page/input_LogIn_SignUp_verification_code'

2022-10-24 22:19:00 - [MESSAGE][PASSED] - Text '12' is set on object 'Object Repository/KayamoSite_Home_Page/input_LogIn_SignUp_verification_code'

2022-10-24 22:19:00 - [TEST_STEP][PASSED] - click(findTestObject("KayamoSite_Home_Page/input_LogInSignUp_OTP3")): Object: 'Object Repository/KayamoSite_Home_Page/input_LogInSignUp_OTP3' is clicked on

2022-10-24 22:19:01 - [MESSAGE][PASSED] - Object: 'Object Repository/KayamoSite_Home_Page/input_LogInSignUp_OTP3' is clicked on

2022-10-24 22:19:01 - [TEST_STEP][PASSED] - setText(findTestObject("KayamoSite_Home_Page/input_LogIn_SignUp_verification_code"), verification_code3): Text '123' is set on object 'Object Repository/KayamoSite_Home_Page/input_LogIn_SignUp_verification_code'

2022-10-24 22:19:01 - [MESSAGE][PASSED] - Text '123' is set on object 'Object Repository/KayamoSite_Home_Page/input_LogIn_SignUp_verification_code'

2022-10-24 22:19:01 - [TEST_STEP][PASSED] - click(findTestObject("KayamoSite_Home_Page/input_LogInSignUp_OTP4")): Object: 'Object Repository/KayamoSite_Home_Page/input_LogInSignUp_OTP4' is clicked on

2022-10-24 22:19:02 - [MESSAGE][PASSED] - Object: 'Object Repository/KayamoSite_Home_Page/input_LogInSignUp_OTP4' is clicked on

2022-10-24 22:19:02 - [TEST_STEP][PASSED] - setText(findTestObject("KayamoSite_Home_Page/input_LogIn_SignUp_verification_code"), verification_code4): Text '1234' is set on object 'Object Repository/KayamoSite_Home_Page/input_LogIn_SignUp_verification_code'

2022-10-24 22:19:03 - [MESSAGE][PASSED] - Text '1234' is set on object 'Object Repository/KayamoSite_Home_Page/input_LogIn_SignUp_verification_code'

2022-10-24 22:19:03 - [TEST_STEP][PASSED] - click(findTestObject("KayamoSite_Home_Page/input_LogInSignUp_OTP5")): Object: 'Object Repository/KayamoSite_Home_Page/input_LogInSignUp_OTP5' is clicked on

2022-10-24 22:19:03 - [MESSAGE][PASSED] - Object: 'Object Repository/KayamoSite_Home_Page/input_LogInSignUp_OTP5' is clicked on

2022-10-24 22:19:03 - [TEST_STEP][PASSED] - setText(findTestObject("KayamoSite_Home_Page/input_LogIn_SignUp_verification_code"), verification_code5): Text '12345' is set on object 'Object Repository/KayamoSite_Home_Page/input_LogIn_SignUp_verification_code'

2022-10-24 22:19:04 - [MESSAGE][PASSED] - Text '12345' is set on object 'Object Repository/KayamoSite_Home_Page/input_LogIn_SignUp_verification_code'

2022-10-24 22:19:04 - [TEST_STEP][PASSED] - click(findTestObject("KayamoSite_Home_Page/input_LogInSignUp_OTP6")): Object: 'Object Repository/KayamoSite_Home_Page/input_LogInSignUp_OTP6' is clicked on

2022-10-24 22:19:04 - [MESSAGE][PASSED] - Object: 'Object Repository/KayamoSite_Home_Page/input_LogInSignUp_OTP6' is clicked on

2022-10-24 22:19:04 - [TEST_STEP][PASSED] - setText(findTestObject("KayamoSite_Home_Page/input_LogIn_SignUp_verification_code"), verification_code6): Text '123456' is set on object 'Object Repository/KayamoSite_Home_Page/input_LogIn_SignUp_verification_code'

2022-10-24 22:19:05 - [MESSAGE][PASSED] - Text '123456' is set on object 'Object Repository/KayamoSite_Home_Page/input_LogIn_SignUp_verification_code'

2022-10-24 22:19:05 - [TEST_STEP][PASSED] - click(findTestObject("KayamoSite_Home_Page/Checkbox_I agree with the terms of use of Kayamo")): Object: 'Object Repository/KayamoSite_Home_Page/Checkbox_I agree with the terms of use of Kayamo' is clicked on

2022-10-24 22:19:06 - [MESSAGE][PASSED] - Object: 'Object Repository/KayamoSite_Home_Page/Checkbox_I agree with the terms of use of Kayamo' is clicked on

2022-10-24 22:19:06 - [TEST_STEP][PASSED] - click(findTestObject("KayamoSite_Home_Page/Button_Accept_Terms_Conditions")): Object: 'Object Repository/KayamoSite_Home_Page/Button_Accept_Terms_Conditions' is clicked on

2022-10-24 22:19:09 - [MESSAGE][PASSED] - Object: 'Object Repository/KayamoSite_Home_Page/Button_Accept_Terms_Conditions' is clicked on

2022-10-24 22:19:09 - [TEST_STEP][PASSED] - click(findTestObject("KayamoSite_Home_Page/Button_Log In Sign Up")): Object: 'Object Repository/KayamoSite_Home_Page/Button_Log In Sign Up' is clicked on

2022-10-24 22:19:10 - [MESSAGE][PASSED] - Object: 'Object Repository/KayamoSite_Home_Page/Button_Log In Sign Up' is clicked on

2022-10-24 22:19:10 - [TEST_STEP][PASSED] - verifyElementPresent(findTestObject("KayamoSite_Profile_Page/Icon_Profile"), 0): Object 'Object Repository/KayamoSite_Profile_Page/Icon_Profile' is present

2022-10-24 22:19:10 - [MESSAGE][WARNING] - Timeout '0' is invalid. Using default page load timeout: '30'

2022-10-24 22:19:12 - [MESSAGE][PASSED] - Object 'Object Repository/KayamoSite_Profile_Page/Icon_Profile' is present

2022-10-24 22:19:12 - [TEST_STEP][PASSED] - click(findTestObject("KayamoSite_Profile_Page/Icon_Profile")): Object: 'Object Repository/KayamoSite_Profile_Page/Icon_Profile' is clicked on

2022-10-24 22:19:13 - [MESSAGE][PASSED] - Object: 'Object Repository/KayamoSite_Profile_Page/Icon_Profile' is clicked on

2022-10-24 22:19:13 - [TEST_STEP][PASSED] - verifyElementText(findTestObject("KayamoSite_Profile_Page/Profile_Name"), profile_name): Actual text and expected text of test object 'Object Repository/KayamoSite_Profile_Page/Profile_Name' are matched.

2022-10-24 22:19:14 - [MESSAGE][PASSED] - Actual text and expected text of test object 'Object Repository/KayamoSite_Profile_Page/Profile_Name' are matched.

2022-10-24 22:19:14 - [TEST_STEP][PASSED] - genericKeywords.genericKeywords.textContains(getText(findTestObject("KayamoSite_Profile_Page/Profile_PhoneNumber")), profile_phone_number): genericKeywords.genericKeywords.textContains is PASSED

2022-10-24 22:19:14 - [MESSAGE][PASSED] - Text of object 'Object Repository/KayamoSite_Profile_Page/Profile_PhoneNumber' is: 'Phone Number : +63 9813942373'

2022-10-24 22:19:15 - [MESSAGE][PASSED] - genericKeywords.genericKeywords.textContains is PASSED

2022-10-24 22:19:15 - [TEST_STEP][PASSED] - takeScreenshot(): Taking screenshot successfully

2022-10-24 22:19:15 - [MESSAGE][PASSED] - Taking screenshot successfully
[[ATTACHMENT|/Users/carlcarriedo/git/kayamo-automation/Reports/20221024_221812/End-to-End _Tests/E2E_TS001_New_Loan_Application/20221024_221812/1666621155291.png]]]]></system-out>
         <system-err><![CDATA[]]></system-err>
      </testcase>
      <testcase name="Test Cases/E2E Test Cases/E2E_TC001_KS_New_Loan_Application_ApplyNow" time="18.864" classname="Test Cases/E2E Test Cases/E2E_TC001_KS_New_Loan_Application_ApplyNow" status="PASSED">
         <system-out><![CDATA[2022-10-24 22:19:15 - [TEST_CASE][PASSED] - Test Cases/E2E Test Cases/E2E_TC001_KS_New_Loan_Application_ApplyNow: Test Cases/E2E Test Cases/E2E_TC001_KS_New_Loan_Application_ApplyNow

2022-10-24 22:19:15 - [TEST_STEP][PASSED] - click(findTestObject("E2E_KS_New_Loan_Application_Apply_Now_Seller_Auth/button_Apply Now")): Object: 'Object Repository/E2E_KS_New_Loan_Application_Apply_Now_Seller_Auth/button_Apply Now' is clicked on

2022-10-24 22:19:17 - [MESSAGE][PASSED] - Object: 'Object Repository/E2E_KS_New_Loan_Application_Apply_Now_Seller_Auth/button_Apply Now' is clicked on

2022-10-24 22:19:17 - [TEST_STEP][PASSED] - if (verifyElementVisible(findTestObject("E2E_KS_New_Loan_Application_Apply_Now_Seller_Auth/button_New Application"), OPTIONAL)): null

2022-10-24 22:19:18 - [MESSAGE][PASSED] - Object 'Object Repository/E2E_KS_New_Loan_Application_Apply_Now_Seller_Auth/button_New Application' is visible

2022-10-24 22:19:18 - [TEST_STEP][PASSED] - click(findTestObject("E2E_KS_New_Loan_Application_Apply_Now_Seller_Auth/button_New Application")): Object: 'Object Repository/E2E_KS_New_Loan_Application_Apply_Now_Seller_Auth/button_New Application' is clicked on

2022-10-24 22:19:19 - [MESSAGE][PASSED] - Object: 'Object Repository/E2E_KS_New_Loan_Application_Apply_Now_Seller_Auth/button_New Application' is clicked on

2022-10-24 22:19:19 - [TEST_STEP][PASSED] - click(findTestObject("E2E_KS_New_Loan_Application_Apply_Now_Seller_Auth/button_Shopee_Seller_Auth")): Object: 'Object Repository/E2E_KS_New_Loan_Application_Apply_Now_Seller_Auth/button_Shopee_Seller_Auth' is clicked on

2022-10-24 22:19:26 - [MESSAGE][PASSED] - Object: 'Object Repository/E2E_KS_New_Loan_Application_Apply_Now_Seller_Auth/button_Shopee_Seller_Auth' is clicked on

2022-10-24 22:19:26 - [TEST_STEP][PASSED] - click(findTestObject("E2E_KS_New_Loan_Application_Apply_Now_Seller_Auth/dropdown_Select_Country_Code_Shop_Seller_Auth")): Object: 'Object Repository/E2E_KS_New_Loan_Application_Apply_Now_Seller_Auth/dropdown_Select_Country_Code_Shop_Seller_Auth' is clicked on

2022-10-24 22:19:29 - [MESSAGE][PASSED] - Object: 'Object Repository/E2E_KS_New_Loan_Application_Apply_Now_Seller_Auth/dropdown_Select_Country_Code_Shop_Seller_Auth' is clicked on

2022-10-24 22:19:29 - [TEST_STEP][PASSED] - click(findTestObject("E2E_KS_New_Loan_Application_Apply_Now_Seller_Auth/dropdown_Select_Country_Code_Philippines_Shop_Seller_Auth")): Object: 'Object Repository/E2E_KS_New_Loan_Application_Apply_Now_Seller_Auth/dropdown_Select_Country_Code_Philippines_Shop_Seller_Auth' is clicked on

2022-10-24 22:19:29 - [MESSAGE][PASSED] - Object: 'Object Repository/E2E_KS_New_Loan_Application_Apply_Now_Seller_Auth/dropdown_Select_Country_Code_Philippines_Shop_Seller_Auth' is clicked on

2022-10-24 22:19:29 - [TEST_STEP][PASSED] - setText(findTestObject("E2E_KS_New_Loan_Application_Apply_Now_Seller_Auth/input_Shop_Seller_Auth_Phone_Number"), seller_auth_phone_number): Text '9813942373' is set on object 'Object Repository/E2E_KS_New_Loan_Application_Apply_Now_Seller_Auth/input_Shop_Seller_Auth_Phone_Number'

2022-10-24 22:19:31 - [MESSAGE][PASSED] - Text '9813942373' is set on object 'Object Repository/E2E_KS_New_Loan_Application_Apply_Now_Seller_Auth/input_Shop_Seller_Auth_Phone_Number'

2022-10-24 22:19:31 - [TEST_STEP][PASSED] - setText(findTestObject("E2E_KS_New_Loan_Application_Apply_Now_Seller_Auth/input_Shop_Seller_Auth_Password"), seller_auth_password): Text 'Kayamo123$' is set on object 'Object Repository/E2E_KS_New_Loan_Application_Apply_Now_Seller_Auth/input_Shop_Seller_Auth_Password'

2022-10-24 22:19:33 - [MESSAGE][PASSED] - Text 'Kayamo123$' is set on object 'Object Repository/E2E_KS_New_Loan_Application_Apply_Now_Seller_Auth/input_Shop_Seller_Auth_Password'

2022-10-24 22:19:33 - [TEST_STEP][PASSED] - click(findTestObject("E2E_KS_New_Loan_Application_Apply_Now_Seller_Auth/button_Shop_Seller_Auth_Login")): Object: 'Object Repository/E2E_KS_New_Loan_Application_Apply_Now_Seller_Auth/button_Shop_Seller_Auth_Login' is clicked on

2022-10-24 22:19:34 - [MESSAGE][PASSED] - Object: 'Object Repository/E2E_KS_New_Loan_Application_Apply_Now_Seller_Auth/button_Shop_Seller_Auth_Login' is clicked on]]></system-out>
         <system-err><![CDATA[]]></system-err>
      </testcase>
      <testcase name="Test Cases/E2E Test Cases/E2E_TC002_KS_New_Loan_Application_OTP_ShopAuth" time="46.156" classname="Test Cases/E2E Test Cases/E2E_TC002_KS_New_Loan_Application_OTP_ShopAuth" status="PASSED">
         <system-out><![CDATA[2022-10-24 22:19:34 - [TEST_CASE][PASSED] - Test Cases/E2E Test Cases/E2E_TC002_KS_New_Loan_Application_OTP_ShopAuth: Test Cases/E2E Test Cases/E2E_TC002_KS_New_Loan_Application_OTP_ShopAuth

2022-10-24 22:19:35 - [TEST_STEP][PASSED] - if (verifyElementVisible(findTestObject("E2E_KS_New_Loan_Application_Apply_Now_Seller_Auth/input_OTP"), OPTIONAL)): Web element with id: 'Object Repository/E2E_KS_New_Loan_Application_Apply_Now_Seller_Auth/input_OTP' located by '//input[@type='text']' not found (Root cause: com.kms.katalon.core.exception.StepFailedException: Web element with id: 'Object Repository/E2E_KS_New_Loan_Application_Apply_Now_Seller_Auth/input_OTP' located by '//input[@type='text']' not found
	at com.kms.katalon.core.webui.keyword.internal.WebUIKeywordMain.stepFailed(WebUIKeywordMain.groovy:64)
	at com.kms.katalon.core.webui.keyword.builtin.VerifyElementVisibleKeyword$_verifyElementVisible_closure1.doCall(VerifyElementVisibleKeyword.groovy:89)
	at com.kms.katalon.core.webui.keyword.builtin.VerifyElementVisibleKeyword$_verifyElementVisible_closure1.call(VerifyElementVisibleKeyword.groovy)
	at com.kms.katalon.core.webui.keyword.internal.WebUIKeywordMain.runKeyword(WebUIKeywordMain.groovy:20)
	at com.kms.katalon.core.webui.keyword.builtin.VerifyElementVisibleKeyword.verifyElementVisible(VerifyElementVisibleKeyword.groovy:97)
	at com.kms.katalon.core.webui.keyword.builtin.VerifyElementVisibleKeyword.execute(VerifyElementVisibleKeyword.groovy:67)
	at com.kms.katalon.core.keyword.internal.KeywordExecutor.executeKeywordForPlatform(KeywordExecutor.groovy:73)
	at com.kms.katalon.core.webui.keyword.WebUiBuiltInKeywords.verifyElementVisible(WebUiBuiltInKeywords.groovy:359)
	at com.kms.katalon.core.webui.keyword.WebUiBuiltInKeywords$verifyElementVisible$10.call(Unknown Source)
	at E2E_TC002_KS_New_Loan_Application_OTP_ShopAuth.run(E2E_TC002_KS_New_Loan_Application_OTP_ShopAuth:23)
	at com.kms.katalon.core.main.ScriptEngine.run(ScriptEngine.java:194)
	at com.kms.katalon.core.main.ScriptEngine.runScriptAsRawText(ScriptEngine.java:119)
	at com.kms.katalon.core.main.TestCaseExecutor.runScript(TestCaseExecutor.java:394)
	at com.kms.katalon.core.main.TestCaseExecutor.doExecute(TestCaseExecutor.java:385)
	at com.kms.katalon.core.main.TestCaseExecutor.processExecutionPhase(TestCaseExecutor.java:364)
	at com.kms.katalon.core.main.TestCaseExecutor.accessMainPhase(TestCaseExecutor.java:356)
	at com.kms.katalon.core.main.TestCaseExecutor.execute(TestCaseExecutor.java:251)
	at com.kms.katalon.core.main.TestSuiteExecutor.accessTestCaseMainPhase(TestSuiteExecutor.java:203)
	at com.kms.katalon.core.main.TestSuiteExecutor.accessTestSuiteMainPhase(TestSuiteExecutor.java:152)
	at com.kms.katalon.core.main.TestSuiteExecutor.execute(TestSuiteExecutor.java:95)
	at com.kms.katalon.core.main.TestCaseMain.startTestSuite(TestCaseMain.java:157)
	at com.kms.katalon.core.main.TestCaseMain$startTestSuite$0.call(Unknown Source)
	at TempTestSuite1666621092072.run(TempTestSuite1666621092072.groovy:39)
)

2022-10-24 22:20:06 - [MESSAGE][INFO] - Unable to find the element located by 'By.xpath: //input[@type='text']'. Please recheck the objects properties to make sure the desired element is located. 

2022-10-24 22:20:06 - [MESSAGE][WARNING] - Web element with id: 'Object Repository/E2E_KS_New_Loan_Application_Apply_Now_Seller_Auth/input_OTP' located by '//input[@type='text']' not found (Root cause: com.kms.katalon.core.exception.StepFailedException: Web element with id: 'Object Repository/E2E_KS_New_Loan_Application_Apply_Now_Seller_Auth/input_OTP' located by '//input[@type='text']' not found
	at com.kms.katalon.core.webui.keyword.internal.WebUIKeywordMain.stepFailed(WebUIKeywordMain.groovy:64)
	at com.kms.katalon.core.webui.keyword.builtin.VerifyElementVisibleKeyword$_verifyElementVisible_closure1.doCall(VerifyElementVisibleKeyword.groovy:89)
	at com.kms.katalon.core.webui.keyword.builtin.VerifyElementVisibleKeyword$_verifyElementVisible_closure1.call(VerifyElementVisibleKeyword.groovy)
	at com.kms.katalon.core.webui.keyword.internal.WebUIKeywordMain.runKeyword(WebUIKeywordMain.groovy:20)
	at com.kms.katalon.core.webui.keyword.builtin.VerifyElementVisibleKeyword.verifyElementVisible(VerifyElementVisibleKeyword.groovy:97)
	at com.kms.katalon.core.webui.keyword.builtin.VerifyElementVisibleKeyword.execute(VerifyElementVisibleKeyword.groovy:67)
	at com.kms.katalon.core.keyword.internal.KeywordExecutor.executeKeywordForPlatform(KeywordExecutor.groovy:73)
	at com.kms.katalon.core.webui.keyword.WebUiBuiltInKeywords.verifyElementVisible(WebUiBuiltInKeywords.groovy:359)
	at com.kms.katalon.core.webui.keyword.WebUiBuiltInKeywords$verifyElementVisible$10.call(Unknown Source)
	at E2E_TC002_KS_New_Loan_Application_OTP_ShopAuth.run(E2E_TC002_KS_New_Loan_Application_OTP_ShopAuth:23)
	at com.kms.katalon.core.main.ScriptEngine.run(ScriptEngine.java:194)
	at com.kms.katalon.core.main.ScriptEngine.runScriptAsRawText(ScriptEngine.java:119)
	at com.kms.katalon.core.main.TestCaseExecutor.runScript(TestCaseExecutor.java:394)
	at com.kms.katalon.core.main.TestCaseExecutor.doExecute(TestCaseExecutor.java:385)
	at com.kms.katalon.core.main.TestCaseExecutor.processExecutionPhase(TestCaseExecutor.java:364)
	at com.kms.katalon.core.main.TestCaseExecutor.accessMainPhase(TestCaseExecutor.java:356)
	at com.kms.katalon.core.main.TestCaseExecutor.execute(TestCaseExecutor.java:251)
	at com.kms.katalon.core.main.TestSuiteExecutor.accessTestCaseMainPhase(TestSuiteExecutor.java:203)
	at com.kms.katalon.core.main.TestSuiteExecutor.accessTestSuiteMainPhase(TestSuiteExecutor.java:152)
	at com.kms.katalon.core.main.TestSuiteExecutor.execute(TestSuiteExecutor.java:95)
	at com.kms.katalon.core.main.TestCaseMain.startTestSuite(TestCaseMain.java:157)
	at com.kms.katalon.core.main.TestCaseMain$startTestSuite$0.call(Unknown Source)
	at TempTestSuite1666621092072.run(TempTestSuite1666621092072.groovy:39)
)
[[ATTACHMENT|/Users/carlcarriedo/git/kayamo-automation/Reports/20221024_221812/End-to-End _Tests/E2E_TS001_New_Loan_Application/20221024_221812/1666621206553.png]]

2022-10-24 22:20:06 - [TEST_STEP][PASSED] - verifyElementText(findTestObject("E2E_KS_New_Loan_Application_Apply_Now_Seller_Auth/text_Shop_Seller_Auth_Confirm_Auth"), seller_shop_username): Actual text and expected text of test object 'Object Repository/E2E_KS_New_Loan_Application_Apply_Now_Seller_Auth/text_Shop_Seller_Auth_Confirm_Auth' are matched.

2022-10-24 22:20:07 - [MESSAGE][PASSED] - Actual text and expected text of test object 'Object Repository/E2E_KS_New_Loan_Application_Apply_Now_Seller_Auth/text_Shop_Seller_Auth_Confirm_Auth' are matched.

2022-10-24 22:20:07 - [TEST_STEP][PASSED] - click(findTestObject("E2E_KS_New_Loan_Application_Apply_Now_Seller_Auth/button_Shop_Seller_Auth_Confirm Authorization")): Object: 'Object Repository/E2E_KS_New_Loan_Application_Apply_Now_Seller_Auth/button_Shop_Seller_Auth_Confirm Authorization' is clicked on

2022-10-24 22:20:08 - [MESSAGE][PASSED] - Object: 'Object Repository/E2E_KS_New_Loan_Application_Apply_Now_Seller_Auth/button_Shop_Seller_Auth_Confirm Authorization' is clicked on

2022-10-24 22:20:08 - [TEST_STEP][PASSED] - waitForElementPresent(findTestObject("E2E_KS_New_Loan_Application_Apply_Now_Seller_Auth/message_The authorization is being processed"), 0): Object 'Object Repository/E2E_KS_New_Loan_Application_Apply_Now_Seller_Auth/message_The authorization is being processed' is present

2022-10-24 22:20:08 - [MESSAGE][WARNING] - Timeout '0' is invalid. Using default page load timeout: '30'

2022-10-24 22:20:08 - [MESSAGE][PASSED] - Object 'Object Repository/E2E_KS_New_Loan_Application_Apply_Now_Seller_Auth/message_The authorization is being processed' is present

2022-10-24 22:20:08 - [TEST_STEP][PASSED] - waitForElementPresent(findTestObject("E2E_KS_New_Loan_Application_Apply_Now_Seller_Auth/message_Authorization success"), 0): Object 'Object Repository/E2E_KS_New_Loan_Application_Apply_Now_Seller_Auth/message_Authorization success' is present

2022-10-24 22:20:08 - [MESSAGE][WARNING] - Timeout '0' is invalid. Using default page load timeout: '30'

2022-10-24 22:20:13 - [MESSAGE][PASSED] - Object 'Object Repository/E2E_KS_New_Loan_Application_Apply_Now_Seller_Auth/message_Authorization success' is present

2022-10-24 22:20:13 - [TEST_STEP][PASSED] - verifyElementPresent(findTestObject("E2E_KS_New_Loan_Application_Apply_Now_Seller_Auth/text_Shopee_Store_Information_Step1"), 0): Object 'Object Repository/E2E_KS_New_Loan_Application_Apply_Now_Seller_Auth/text_Shopee_Store_Information_Step1' is present

2022-10-24 22:20:13 - [MESSAGE][WARNING] - Timeout '0' is invalid. Using default page load timeout: '30'

2022-10-24 22:20:20 - [MESSAGE][PASSED] - Object 'Object Repository/E2E_KS_New_Loan_Application_Apply_Now_Seller_Auth/text_Shopee_Store_Information_Step1' is present]]></system-out>
         <system-err><![CDATA[]]></system-err>
      </testcase>
      <testcase name="Test Cases/E2E Test Cases/E2E_TC003_KS_New_Loan_Application_Step1" time="28.828" classname="Test Cases/E2E Test Cases/E2E_TC003_KS_New_Loan_Application_Step1" status="PASSED">
         <system-out><![CDATA[2022-10-24 22:20:20 - [TEST_CASE][PASSED] - Test Cases/E2E Test Cases/E2E_TC003_KS_New_Loan_Application_Step1: Test Cases/E2E Test Cases/E2E_TC003_KS_New_Loan_Application_Step1

2022-10-24 22:20:21 - [TEST_STEP][PASSED] - setText(findTestObject("E2E_KS_New_Loan_Application_Steps123/input_step1_Store_Name"), store_name_step1): Text 'KayamoStoreKo' is set on object 'Object Repository/E2E_KS_New_Loan_Application_Steps123/input_step1_Store_Name'

2022-10-24 22:20:22 - [MESSAGE][PASSED] - Text 'KayamoStoreKo' is set on object 'Object Repository/E2E_KS_New_Loan_Application_Steps123/input_step1_Store_Name'

2022-10-24 22:20:22 - [TEST_STEP][PASSED] - setText(findTestObject("E2E_KS_New_Loan_Application_Steps123/input_step1_Shop_URL"), shop_url_step1): Text 'https://shopee.ph/shop/888081090' is set on object 'Object Repository/E2E_KS_New_Loan_Application_Steps123/input_step1_Shop_URL'

2022-10-24 22:20:22 - [MESSAGE][PASSED] - Text 'https://shopee.ph/shop/888081090' is set on object 'Object Repository/E2E_KS_New_Loan_Application_Steps123/input_step1_Shop_URL'

2022-10-24 22:20:22 - [TEST_STEP][PASSED] - setText(findTestObject("E2E_KS_New_Loan_Application_Steps123/input_step1_Contact_Number"), contact_number_step1): Text '09813942373' is set on object 'Object Repository/E2E_KS_New_Loan_Application_Steps123/input_step1_Contact_Number'

2022-10-24 22:20:24 - [MESSAGE][PASSED] - Text '09813942373' is set on object 'Object Repository/E2E_KS_New_Loan_Application_Steps123/input_step1_Contact_Number'

2022-10-24 22:20:24 - [TEST_STEP][PASSED] - setText(findTestObject("E2E_KS_New_Loan_Application_Steps123/input_step1_Store_Email_Address"), store_email_address_step1): Text 'kayamotest01@gmail.com' is set on object 'Object Repository/E2E_KS_New_Loan_Application_Steps123/input_step1_Store_Email_Address'

2022-10-24 22:20:25 - [MESSAGE][PASSED] - Text 'kayamotest01@gmail.com' is set on object 'Object Repository/E2E_KS_New_Loan_Application_Steps123/input_step1_Store_Email_Address'

2022-10-24 22:20:25 - [TEST_STEP][PASSED] - click(findTestObject("E2E_KS_New_Loan_Application_Steps123/dropdown_step1_Store_City_Address")): Object: 'Object Repository/E2E_KS_New_Loan_Application_Steps123/dropdown_step1_Store_City_Address' is clicked on

2022-10-24 22:20:25 - [MESSAGE][PASSED] - Object: 'Object Repository/E2E_KS_New_Loan_Application_Steps123/dropdown_step1_Store_City_Address' is clicked on

2022-10-24 22:20:25 - [TEST_STEP][PASSED] - setText(findTestObject("E2E_KS_New_Loan_Application_Steps123/dropdown_input_step1_Store_City_Address"), store_city_address_step1): Text 'Aborlan' is set on object 'Object Repository/E2E_KS_New_Loan_Application_Steps123/dropdown_input_step1_Store_City_Address'

2022-10-24 22:20:27 - [MESSAGE][PASSED] - Text 'Aborlan' is set on object 'Object Repository/E2E_KS_New_Loan_Application_Steps123/dropdown_input_step1_Store_City_Address'

2022-10-24 22:20:27 - [TEST_STEP][PASSED] - click(findTestObject("E2E_KS_New_Loan_Application_Steps123/dropdown_select_step1_Store_City_Address")): Object: 'Object Repository/E2E_KS_New_Loan_Application_Steps123/dropdown_select_step1_Store_City_Address' is clicked on

2022-10-24 22:20:28 - [MESSAGE][PASSED] - Object: 'Object Repository/E2E_KS_New_Loan_Application_Steps123/dropdown_select_step1_Store_City_Address' is clicked on

2022-10-24 22:20:28 - [TEST_STEP][PASSED] - setText(findTestObject("E2E_KS_New_Loan_Application_Steps123/input_step1_Store_Complete_Address"), store_complete_address_step1): Text '87 Kayamo Street' is set on object 'Object Repository/E2E_KS_New_Loan_Application_Steps123/input_step1_Store_Complete_Address'

2022-10-24 22:20:29 - [MESSAGE][PASSED] - Text '87 Kayamo Street' is set on object 'Object Repository/E2E_KS_New_Loan_Application_Steps123/input_step1_Store_Complete_Address'

2022-10-24 22:20:29 - [TEST_STEP][PASSED] - click(findTestObject("E2E_KS_New_Loan_Application_Steps123/dropdown_step1_Warehouse_City_Address")): Object: 'Object Repository/E2E_KS_New_Loan_Application_Steps123/dropdown_step1_Warehouse_City_Address' is clicked on

2022-10-24 22:20:29 - [MESSAGE][PASSED] - Object: 'Object Repository/E2E_KS_New_Loan_Application_Steps123/dropdown_step1_Warehouse_City_Address' is clicked on

2022-10-24 22:20:29 - [TEST_STEP][PASSED] - setText(findTestObject("E2E_KS_New_Loan_Application_Steps123/dropdown_input_step1_Warehouse_City_Address"), warehouse_city_address_step1): Text 'Aborlan' is set on object 'Object Repository/E2E_KS_New_Loan_Application_Steps123/dropdown_input_step1_Warehouse_City_Address'

2022-10-24 22:20:31 - [MESSAGE][PASSED] - Text 'Aborlan' is set on object 'Object Repository/E2E_KS_New_Loan_Application_Steps123/dropdown_input_step1_Warehouse_City_Address'

2022-10-24 22:20:31 - [TEST_STEP][PASSED] - click(findTestObject("E2E_KS_New_Loan_Application_Steps123/dropdown_select_step1_Warehouse_City_Address")): Object: 'Object Repository/E2E_KS_New_Loan_Application_Steps123/dropdown_select_step1_Warehouse_City_Address' is clicked on

2022-10-24 22:20:31 - [MESSAGE][PASSED] - Object: 'Object Repository/E2E_KS_New_Loan_Application_Steps123/dropdown_select_step1_Warehouse_City_Address' is clicked on

2022-10-24 22:20:31 - [TEST_STEP][PASSED] - setText(findTestObject("E2E_KS_New_Loan_Application_Steps123/input_Warehouse Complete Address_warehouse__3115e9"), warehouse_complete_address_step1): Text '87 Kayamo Street' is set on object 'Object Repository/E2E_KS_New_Loan_Application_Steps123/input_Warehouse Complete Address_warehouse__3115e9'

2022-10-24 22:20:32 - [MESSAGE][PASSED] - Text '87 Kayamo Street' is set on object 'Object Repository/E2E_KS_New_Loan_Application_Steps123/input_Warehouse Complete Address_warehouse__3115e9'

2022-10-24 22:20:32 - [TEST_STEP][PASSED] - uploadFile(findTestObject("E2E_KS_New_Loan_Application_Steps123/attachment_step1_upload_proof_of_billing"), attachment_path_file_step1): File '/Users/carlcarriedo/git/kayamo-automation/Data Files/Attachments for Loan Application/newloanattachment.png' sent to object: 'Object Repository/E2E_KS_New_Loan_Application_Steps123/attachment_step1_upload_proof_of_billing'

2022-10-24 22:20:33 - [MESSAGE][PASSED] - File '/Users/carlcarriedo/git/kayamo-automation/Data Files/Attachments for Loan Application/newloanattachment.png' sent to object: 'Object Repository/E2E_KS_New_Loan_Application_Steps123/attachment_step1_upload_proof_of_billing'

2022-10-24 22:20:33 - [TEST_STEP][PASSED] - delay(15): Delayed 15 second(s)

2022-10-24 22:20:48 - [MESSAGE][PASSED] - Delayed 15 second(s)

2022-10-24 22:20:48 - [TEST_STEP][PASSED] - click(findTestObject("E2E_KS_New_Loan_Application_Steps123/button_step1_Next")): Object: 'Object Repository/E2E_KS_New_Loan_Application_Steps123/button_step1_Next' is clicked on

2022-10-24 22:20:48 - [MESSAGE][PASSED] - Object: 'Object Repository/E2E_KS_New_Loan_Application_Steps123/button_step1_Next' is clicked on

2022-10-24 22:20:48 - [TEST_STEP][PASSED] - if (!(verifyElementText(findTestObject("E2E_KS_New_Loan_Application_Steps123/message_success"), "success", STOP_ON_FAILURE))): Actual text and expected text of test object 'Object Repository/E2E_KS_New_Loan_Application_Steps123/message_success' are matched.

2022-10-24 22:20:49 - [MESSAGE][PASSED] - Actual text and expected text of test object 'Object Repository/E2E_KS_New_Loan_Application_Steps123/message_success' are matched.]]></system-out>
         <system-err><![CDATA[]]></system-err>
      </testcase>
      <testcase name="Test Cases/E2E Test Cases/E2E_TC004_KS_New_Loan_Application_Step2" time="38.418" classname="Test Cases/E2E Test Cases/E2E_TC004_KS_New_Loan_Application_Step2" status="PASSED">
         <system-out><![CDATA[2022-10-24 22:20:49 - [TEST_CASE][PASSED] - Test Cases/E2E Test Cases/E2E_TC004_KS_New_Loan_Application_Step2: Test Cases/E2E Test Cases/E2E_TC004_KS_New_Loan_Application_Step2

2022-10-24 22:20:50 - [TEST_STEP][PASSED] - waitForElementPresent(findTestObject("E2E_KS_New_Loan_Application_Steps123/input_step2_FirstName_Shop_Owner"), 0): Object 'Object Repository/E2E_KS_New_Loan_Application_Steps123/input_step2_FirstName_Shop_Owner' is present

2022-10-24 22:20:50 - [MESSAGE][WARNING] - Timeout '0' is invalid. Using default page load timeout: '30'

2022-10-24 22:20:53 - [MESSAGE][PASSED] - Object 'Object Repository/E2E_KS_New_Loan_Application_Steps123/input_step2_FirstName_Shop_Owner' is present

2022-10-24 22:20:53 - [TEST_STEP][PASSED] - setText(findTestObject("E2E_KS_New_Loan_Application_Steps123/input_step2_FirstName_Shop_Owner"), firstname_of_shop_owner_step2): Text 'Firstkayamo' is set on object 'Object Repository/E2E_KS_New_Loan_Application_Steps123/input_step2_FirstName_Shop_Owner'

2022-10-24 22:20:54 - [MESSAGE][PASSED] - Text 'Firstkayamo' is set on object 'Object Repository/E2E_KS_New_Loan_Application_Steps123/input_step2_FirstName_Shop_Owner'

2022-10-24 22:20:54 - [TEST_STEP][PASSED] - setText(findTestObject("E2E_KS_New_Loan_Application_Steps123/input_step2_MiddleName_Shop_Owner"), middlename_of_shop_owner_step2): Text 'Middlekayamo' is set on object 'Object Repository/E2E_KS_New_Loan_Application_Steps123/input_step2_MiddleName_Shop_Owner'

2022-10-24 22:20:55 - [MESSAGE][PASSED] - Text 'Middlekayamo' is set on object 'Object Repository/E2E_KS_New_Loan_Application_Steps123/input_step2_MiddleName_Shop_Owner'

2022-10-24 22:20:55 - [TEST_STEP][PASSED] - setText(findTestObject("E2E_KS_New_Loan_Application_Steps123/input_step2_LastName_Shop_Owner"), lastname_of_shop_owner_step2): Text 'LastKayamo' is set on object 'Object Repository/E2E_KS_New_Loan_Application_Steps123/input_step2_LastName_Shop_Owner'

2022-10-24 22:20:56 - [MESSAGE][PASSED] - Text 'LastKayamo' is set on object 'Object Repository/E2E_KS_New_Loan_Application_Steps123/input_step2_LastName_Shop_Owner'

2022-10-24 22:20:56 - [TEST_STEP][PASSED] - setText(findTestObject("E2E_KS_New_Loan_Application_Steps123/input_step2_Address"), address_step2): Text 'Aborlan' is set on object 'Object Repository/E2E_KS_New_Loan_Application_Steps123/input_step2_Address'

2022-10-24 22:20:57 - [MESSAGE][PASSED] - Text 'Aborlan' is set on object 'Object Repository/E2E_KS_New_Loan_Application_Steps123/input_step2_Address'

2022-10-24 22:20:57 - [TEST_STEP][PASSED] - click(findTestObject("E2E_KS_New_Loan_Application_Steps123/dropdown_step2_City_Address")): Object: 'Object Repository/E2E_KS_New_Loan_Application_Steps123/dropdown_step2_City_Address' is clicked on

2022-10-24 22:20:57 - [MESSAGE][PASSED] - Object: 'Object Repository/E2E_KS_New_Loan_Application_Steps123/dropdown_step2_City_Address' is clicked on

2022-10-24 22:20:57 - [TEST_STEP][PASSED] - setText(findTestObject("E2E_KS_New_Loan_Application_Steps123/dropdown_input_step2_City_Address"), city_address_step2): Text 'Aborlan' is set on object 'Object Repository/E2E_KS_New_Loan_Application_Steps123/dropdown_input_step2_City_Address'

2022-10-24 22:20:59 - [MESSAGE][PASSED] - Text 'Aborlan' is set on object 'Object Repository/E2E_KS_New_Loan_Application_Steps123/dropdown_input_step2_City_Address'

2022-10-24 22:20:59 - [TEST_STEP][PASSED] - click(findTestObject("E2E_KS_New_Loan_Application_Steps123/dropdown_select_step2_City_Address")): Object: 'Object Repository/E2E_KS_New_Loan_Application_Steps123/dropdown_select_step2_City_Address' is clicked on

2022-10-24 22:20:59 - [MESSAGE][PASSED] - Object: 'Object Repository/E2E_KS_New_Loan_Application_Steps123/dropdown_select_step2_City_Address' is clicked on

2022-10-24 22:20:59 - [TEST_STEP][PASSED] - setText(findTestObject("E2E_KS_New_Loan_Application_Steps123/input_step2_Zip_Code"), zip_code_step2): Text '9174' is set on object 'Object Repository/E2E_KS_New_Loan_Application_Steps123/input_step2_Zip_Code'

2022-10-24 22:21:00 - [MESSAGE][PASSED] - Text '9174' is set on object 'Object Repository/E2E_KS_New_Loan_Application_Steps123/input_step2_Zip_Code'

2022-10-24 22:21:00 - [TEST_STEP][PASSED] - setText(findTestObject("E2E_KS_New_Loan_Application_Steps123/input_step2_Birthdate"), birthdate_step2): Text '1985-08-22' is set on object 'Object Repository/E2E_KS_New_Loan_Application_Steps123/input_step2_Birthdate'

2022-10-24 22:21:03 - [MESSAGE][PASSED] - Text '1985-08-22' is set on object 'Object Repository/E2E_KS_New_Loan_Application_Steps123/input_step2_Birthdate'

2022-10-24 22:21:03 - [TEST_STEP][PASSED] - click(findTestObject("E2E_KS_New_Loan_Application_Steps123/dropdown_step2_Gender")): Object: 'Object Repository/E2E_KS_New_Loan_Application_Steps123/dropdown_step2_Gender' is clicked on

2022-10-24 22:21:04 - [MESSAGE][PASSED] - Object: 'Object Repository/E2E_KS_New_Loan_Application_Steps123/dropdown_step2_Gender' is clicked on

2022-10-24 22:21:04 - [TEST_STEP][PASSED] - setText(findTestObject("E2E_KS_New_Loan_Application_Steps123/dropdown_input_step2_Gender"), gender_step2): Text 'Male' is set on object 'Object Repository/E2E_KS_New_Loan_Application_Steps123/dropdown_input_step2_Gender'

2022-10-24 22:21:05 - [MESSAGE][PASSED] - Text 'Male' is set on object 'Object Repository/E2E_KS_New_Loan_Application_Steps123/dropdown_input_step2_Gender'

2022-10-24 22:21:05 - [TEST_STEP][PASSED] - click(findTestObject("E2E_KS_New_Loan_Application_Steps123/dropdown_select_step2_Gender")): Object: 'Object Repository/E2E_KS_New_Loan_Application_Steps123/dropdown_select_step2_Gender' is clicked on

2022-10-24 22:21:05 - [MESSAGE][PASSED] - Object: 'Object Repository/E2E_KS_New_Loan_Application_Steps123/dropdown_select_step2_Gender' is clicked on

2022-10-24 22:21:05 - [TEST_STEP][PASSED] - click(findTestObject("E2E_KS_New_Loan_Application_Steps123/dropdown_step2_Education")): Object: 'Object Repository/E2E_KS_New_Loan_Application_Steps123/dropdown_step2_Education' is clicked on

2022-10-24 22:21:06 - [MESSAGE][PASSED] - Object: 'Object Repository/E2E_KS_New_Loan_Application_Steps123/dropdown_step2_Education' is clicked on

2022-10-24 22:21:06 - [TEST_STEP][PASSED] - setText(findTestObject("E2E_KS_New_Loan_Application_Steps123/dropdown_input_step2_Education"), education_step2): Text 'College Graduate' is set on object 'Object Repository/E2E_KS_New_Loan_Application_Steps123/dropdown_input_step2_Education'

2022-10-24 22:21:07 - [MESSAGE][PASSED] - Text 'College Graduate' is set on object 'Object Repository/E2E_KS_New_Loan_Application_Steps123/dropdown_input_step2_Education'

2022-10-24 22:21:07 - [TEST_STEP][PASSED] - click(findTestObject("E2E_KS_New_Loan_Application_Steps123/dropdown_select_step2_College_Graduate")): Object: 'Object Repository/E2E_KS_New_Loan_Application_Steps123/dropdown_select_step2_College_Graduate' is clicked on

2022-10-24 22:21:07 - [MESSAGE][PASSED] - Object: 'Object Repository/E2E_KS_New_Loan_Application_Steps123/dropdown_select_step2_College_Graduate' is clicked on

2022-10-24 22:21:07 - [TEST_STEP][PASSED] - click(findTestObject("E2E_KS_New_Loan_Application_Steps123/dropdown_step2_Marital_Status")): Object: 'Object Repository/E2E_KS_New_Loan_Application_Steps123/dropdown_step2_Marital_Status' is clicked on

2022-10-24 22:21:08 - [MESSAGE][PASSED] - Object: 'Object Repository/E2E_KS_New_Loan_Application_Steps123/dropdown_step2_Marital_Status' is clicked on

2022-10-24 22:21:08 - [TEST_STEP][PASSED] - setText(findTestObject("E2E_KS_New_Loan_Application_Steps123/dropdown_input_step2_Marital_Status"), marital_status_step2): Text 'single' is set on object 'Object Repository/E2E_KS_New_Loan_Application_Steps123/dropdown_input_step2_Marital_Status'

2022-10-24 22:21:09 - [MESSAGE][PASSED] - Text 'single' is set on object 'Object Repository/E2E_KS_New_Loan_Application_Steps123/dropdown_input_step2_Marital_Status'

2022-10-24 22:21:09 - [TEST_STEP][PASSED] - click(findTestObject("E2E_KS_New_Loan_Application_Steps123/dropdown_select_step2_Marital_Status")): Object: 'Object Repository/E2E_KS_New_Loan_Application_Steps123/dropdown_select_step2_Marital_Status' is clicked on

2022-10-24 22:21:09 - [MESSAGE][PASSED] - Object: 'Object Repository/E2E_KS_New_Loan_Application_Steps123/dropdown_select_step2_Marital_Status' is clicked on

2022-10-24 22:21:09 - [TEST_STEP][PASSED] - click(findTestObject("E2E_KS_New_Loan_Application_Steps123/dropdown_step2_Number_Of_Children")): Object: 'Object Repository/E2E_KS_New_Loan_Application_Steps123/dropdown_step2_Number_Of_Children' is clicked on

2022-10-24 22:21:10 - [MESSAGE][PASSED] - Object: 'Object Repository/E2E_KS_New_Loan_Application_Steps123/dropdown_step2_Number_Of_Children' is clicked on

2022-10-24 22:21:10 - [TEST_STEP][PASSED] - setText(findTestObject("E2E_KS_New_Loan_Application_Steps123/dropdown_input_step2_Number_Of_Children"), number_of_children_step2): Text 'Zero' is set on object 'Object Repository/E2E_KS_New_Loan_Application_Steps123/dropdown_input_step2_Number_Of_Children'

2022-10-24 22:21:11 - [MESSAGE][PASSED] - Text 'Zero' is set on object 'Object Repository/E2E_KS_New_Loan_Application_Steps123/dropdown_input_step2_Number_Of_Children'

2022-10-24 22:21:11 - [TEST_STEP][PASSED] - click(findTestObject("E2E_KS_New_Loan_Application_Steps123/dropdown_select_step2_Number_Of_Children")): Object: 'Object Repository/E2E_KS_New_Loan_Application_Steps123/dropdown_select_step2_Number_Of_Children' is clicked on

2022-10-24 22:21:11 - [MESSAGE][PASSED] - Object: 'Object Repository/E2E_KS_New_Loan_Application_Steps123/dropdown_select_step2_Number_Of_Children' is clicked on

2022-10-24 22:21:11 - [TEST_STEP][PASSED] - setText(findTestObject("E2E_KS_New_Loan_Application_Steps123/input_step2_Facebook_URL"), facebook_url_step2): Text 'http://www.facebook.com/KayamoStoreKo' is set on object 'Object Repository/E2E_KS_New_Loan_Application_Steps123/input_step2_Facebook_URL'

2022-10-24 22:21:12 - [MESSAGE][PASSED] - Text 'http://www.facebook.com/KayamoStoreKo' is set on object 'Object Repository/E2E_KS_New_Loan_Application_Steps123/input_step2_Facebook_URL'

2022-10-24 22:21:12 - [TEST_STEP][PASSED] - setText(findTestObject("E2E_KS_New_Loan_Application_Steps123/input_step2_Purpose_of_Loan"), purpose_of_loan_step2): Text 'business' is set on object 'Object Repository/E2E_KS_New_Loan_Application_Steps123/input_step2_Purpose_of_Loan'

2022-10-24 22:21:13 - [MESSAGE][PASSED] - Text 'business' is set on object 'Object Repository/E2E_KS_New_Loan_Application_Steps123/input_step2_Purpose_of_Loan'

2022-10-24 22:21:13 - [TEST_STEP][PASSED] - setText(findTestObject("E2E_KS_New_Loan_Application_Steps123/input_step2_Expected_Loan_Amount"), expected_loan_amount_step2): Text '100000' is set on object 'Object Repository/E2E_KS_New_Loan_Application_Steps123/input_step2_Expected_Loan_Amount'

2022-10-24 22:21:14 - [MESSAGE][PASSED] - Text '100000' is set on object 'Object Repository/E2E_KS_New_Loan_Application_Steps123/input_step2_Expected_Loan_Amount'

2022-10-24 22:21:14 - [TEST_STEP][PASSED] - click(findTestObject("E2E_KS_New_Loan_Application_Steps123/dropdown_step2_ID_Type")): Object: 'Object Repository/E2E_KS_New_Loan_Application_Steps123/dropdown_step2_ID_Type' is clicked on

2022-10-24 22:21:15 - [MESSAGE][PASSED] - Object: 'Object Repository/E2E_KS_New_Loan_Application_Steps123/dropdown_step2_ID_Type' is clicked on

2022-10-24 22:21:15 - [TEST_STEP][PASSED] - setText(findTestObject("E2E_KS_New_Loan_Application_Steps123/dropdown_input_step2_ID_Type"), id_type_step2): Text 'Passport' is set on object 'Object Repository/E2E_KS_New_Loan_Application_Steps123/dropdown_input_step2_ID_Type'

2022-10-24 22:21:16 - [MESSAGE][PASSED] - Text 'Passport' is set on object 'Object Repository/E2E_KS_New_Loan_Application_Steps123/dropdown_input_step2_ID_Type'

2022-10-24 22:21:16 - [TEST_STEP][PASSED] - click(findTestObject("E2E_KS_New_Loan_Application_Steps123/dropdown_select_step2_ID_Type")): Object: 'Object Repository/E2E_KS_New_Loan_Application_Steps123/dropdown_select_step2_ID_Type' is clicked on

2022-10-24 22:21:16 - [MESSAGE][PASSED] - Object: 'Object Repository/E2E_KS_New_Loan_Application_Steps123/dropdown_select_step2_ID_Type' is clicked on

2022-10-24 22:21:16 - [TEST_STEP][PASSED] - setText(findTestObject("E2E_KS_New_Loan_Application_Steps123/input_step2_ID _No"), id_no_step2): Text '12345678' is set on object 'Object Repository/E2E_KS_New_Loan_Application_Steps123/input_step2_ID _No'

2022-10-24 22:21:17 - [MESSAGE][PASSED] - Text '12345678' is set on object 'Object Repository/E2E_KS_New_Loan_Application_Steps123/input_step2_ID _No'

2022-10-24 22:21:17 - [TEST_STEP][PASSED] - verifyElementPresent(findTestObject("E2E_KS_New_Loan_Application_Steps123/step2_Add Attachment"), 0): Object 'Object Repository/E2E_KS_New_Loan_Application_Steps123/step2_Add Attachment' is present

2022-10-24 22:21:17 - [MESSAGE][WARNING] - Timeout '0' is invalid. Using default page load timeout: '30'

2022-10-24 22:21:17 - [MESSAGE][PASSED] - Object 'Object Repository/E2E_KS_New_Loan_Application_Steps123/step2_Add Attachment' is present

2022-10-24 22:21:17 - [TEST_STEP][PASSED] - uploadFile(findTestObject("E2E_KS_New_Loan_Application_Steps123/attachment_step2_upload_ID"), id_attachment_pathfile_step2): File '/Users/carlcarriedo/git/kayamo-automation/Data Files/Attachments for Loan Application/newloanattachment.png' sent to object: 'Object Repository/E2E_KS_New_Loan_Application_Steps123/attachment_step2_upload_ID'

2022-10-24 22:21:18 - [MESSAGE][PASSED] - File '/Users/carlcarriedo/git/kayamo-automation/Data Files/Attachments for Loan Application/newloanattachment.png' sent to object: 'Object Repository/E2E_KS_New_Loan_Application_Steps123/attachment_step2_upload_ID'

2022-10-24 22:21:18 - [TEST_STEP][PASSED] - verifyElementPresent(findTestObject("E2E_KS_New_Loan_Application_Steps123/step2_Selfie Holding your ID"), 0): Object 'Object Repository/E2E_KS_New_Loan_Application_Steps123/step2_Selfie Holding your ID' is present

2022-10-24 22:21:18 - [MESSAGE][WARNING] - Timeout '0' is invalid. Using default page load timeout: '30'

2022-10-24 22:21:19 - [MESSAGE][PASSED] - Object 'Object Repository/E2E_KS_New_Loan_Application_Steps123/step2_Selfie Holding your ID' is present

2022-10-24 22:21:19 - [TEST_STEP][PASSED] - uploadFile(findTestObject("E2E_KS_New_Loan_Application_Steps123/attachment_step2_upload_ID_Selfie"), selfie_id_pathfile_step2): File '/Users/carlcarriedo/git/kayamo-automation/Data Files/Attachments for Loan Application/newloanattachment.png' sent to object: 'Object Repository/E2E_KS_New_Loan_Application_Steps123/attachment_step2_upload_ID_Selfie'

2022-10-24 22:21:19 - [MESSAGE][PASSED] - File '/Users/carlcarriedo/git/kayamo-automation/Data Files/Attachments for Loan Application/newloanattachment.png' sent to object: 'Object Repository/E2E_KS_New_Loan_Application_Steps123/attachment_step2_upload_ID_Selfie'

2022-10-24 22:21:19 - [TEST_STEP][PASSED] - setText(findTestObject("E2E_KS_New_Loan_Application_Steps123/input_step2_BankAccount_Account_FirstName"), bankaccount_firstname_step2): Text 'Firstkayamo' is set on object 'Object Repository/E2E_KS_New_Loan_Application_Steps123/input_step2_BankAccount_Account_FirstName'

2022-10-24 22:21:21 - [MESSAGE][PASSED] - Text 'Firstkayamo' is set on object 'Object Repository/E2E_KS_New_Loan_Application_Steps123/input_step2_BankAccount_Account_FirstName'

2022-10-24 22:21:21 - [TEST_STEP][PASSED] - setText(findTestObject("E2E_KS_New_Loan_Application_Steps123/input_step2_BankAccount_Account_MiddleName"), bankaccount_middlename_step2): Text 'Middlekayamo' is set on object 'Object Repository/E2E_KS_New_Loan_Application_Steps123/input_step2_BankAccount_Account_MiddleName'

2022-10-24 22:21:22 - [MESSAGE][PASSED] - Text 'Middlekayamo' is set on object 'Object Repository/E2E_KS_New_Loan_Application_Steps123/input_step2_BankAccount_Account_MiddleName'

2022-10-24 22:21:22 - [TEST_STEP][PASSED] - setText(findTestObject("E2E_KS_New_Loan_Application_Steps123/input_step2_BankAccount_Account_LastName"), bankaccount_lastname_step2): Text 'LastKayamo' is set on object 'Object Repository/E2E_KS_New_Loan_Application_Steps123/input_step2_BankAccount_Account_LastName'

2022-10-24 22:21:23 - [MESSAGE][PASSED] - Text 'LastKayamo' is set on object 'Object Repository/E2E_KS_New_Loan_Application_Steps123/input_step2_BankAccount_Account_LastName'

2022-10-24 22:21:23 - [TEST_STEP][PASSED] - setText(findTestObject("E2E_KS_New_Loan_Application_Steps123/input_step2_BankAccount_Mothers_Maiden_Name"), mothers_maiden_name_step2): Text 'Mother Test' is set on object 'Object Repository/E2E_KS_New_Loan_Application_Steps123/input_step2_BankAccount_Mothers_Maiden_Name'

2022-10-24 22:21:24 - [MESSAGE][PASSED] - Text 'Mother Test' is set on object 'Object Repository/E2E_KS_New_Loan_Application_Steps123/input_step2_BankAccount_Mothers_Maiden_Name'

2022-10-24 22:21:24 - [TEST_STEP][PASSED] - setText(findTestObject("E2E_KS_New_Loan_Application_Steps123/input_step2_BankAccount_Account_Number"), account_number_step2): Text '054000000027' is set on object 'Object Repository/E2E_KS_New_Loan_Application_Steps123/input_step2_BankAccount_Account_Number'

2022-10-24 22:21:25 - [MESSAGE][PASSED] - Text '054000000027' is set on object 'Object Repository/E2E_KS_New_Loan_Application_Steps123/input_step2_BankAccount_Account_Number'

2022-10-24 22:21:25 - [TEST_STEP][PASSED] - click(findTestObject("E2E_KS_New_Loan_Application_Steps123/dropdown_step2_Bank_Name")): Object: 'Object Repository/E2E_KS_New_Loan_Application_Steps123/dropdown_step2_Bank_Name' is clicked on

2022-10-24 22:21:25 - [MESSAGE][PASSED] - Object: 'Object Repository/E2E_KS_New_Loan_Application_Steps123/dropdown_step2_Bank_Name' is clicked on

2022-10-24 22:21:25 - [TEST_STEP][PASSED] - setText(findTestObject("E2E_KS_New_Loan_Application_Steps123/dropdown_input_step2_Bank_Name"), bank_name_step2): Text 'COMMUNITY RURAL BANK OF ROMBLON, INC.' is set on object 'Object Repository/E2E_KS_New_Loan_Application_Steps123/dropdown_input_step2_Bank_Name'

2022-10-24 22:21:26 - [MESSAGE][PASSED] - Text 'COMMUNITY RURAL BANK OF ROMBLON, INC.' is set on object 'Object Repository/E2E_KS_New_Loan_Application_Steps123/dropdown_input_step2_Bank_Name'

2022-10-24 22:21:26 - [TEST_STEP][PASSED] - click(findTestObject("E2E_KS_New_Loan_Application_Steps123/dropdown_select_step2_Bank_Name")): Object: 'Object Repository/E2E_KS_New_Loan_Application_Steps123/dropdown_select_step2_Bank_Name' is clicked on

2022-10-24 22:21:27 - [MESSAGE][PASSED] - Object: 'Object Repository/E2E_KS_New_Loan_Application_Steps123/dropdown_select_step2_Bank_Name' is clicked on

2022-10-24 22:21:27 - [TEST_STEP][PASSED] - click(findTestObject("E2E_KS_New_Loan_Application_Steps123/button_step2_Next")): Object: 'Object Repository/E2E_KS_New_Loan_Application_Steps123/button_step2_Next' is clicked on

2022-10-24 22:21:27 - [MESSAGE][PASSED] - Object: 'Object Repository/E2E_KS_New_Loan_Application_Steps123/button_step2_Next' is clicked on

2022-10-24 22:21:27 - [TEST_STEP][PASSED] - verifyElementText(findTestObject("E2E_KS_New_Loan_Application_Steps123/message_success"), "success", CONTINUE_ON_FAILURE): Actual text and expected text of test object 'Object Repository/E2E_KS_New_Loan_Application_Steps123/message_success' are matched.

2022-10-24 22:21:28 - [MESSAGE][PASSED] - Actual text and expected text of test object 'Object Repository/E2E_KS_New_Loan_Application_Steps123/message_success' are matched.]]></system-out>
         <system-err><![CDATA[]]></system-err>
      </testcase>
      <testcase name="Test Cases/E2E Test Cases/E2E_TC005_KS_New_Loan_Application_Step3" time="20.701" classname="Test Cases/E2E Test Cases/E2E_TC005_KS_New_Loan_Application_Step3" status="PASSED">
         <system-out><![CDATA[2022-10-24 22:21:28 - [TEST_CASE][PASSED] - Test Cases/E2E Test Cases/E2E_TC005_KS_New_Loan_Application_Step3: Test Cases/E2E Test Cases/E2E_TC005_KS_New_Loan_Application_Step3

2022-10-24 22:21:28 - [TEST_STEP][PASSED] - verifyElementPresent(findTestObject("E2E_KS_New_Loan_Application_Steps123/text_step3_PersonalReference1"), 0): Object 'Object Repository/E2E_KS_New_Loan_Application_Steps123/text_step3_PersonalReference1' is present

2022-10-24 22:21:28 - [MESSAGE][WARNING] - Timeout '0' is invalid. Using default page load timeout: '30'

2022-10-24 22:21:32 - [MESSAGE][PASSED] - Object 'Object Repository/E2E_KS_New_Loan_Application_Steps123/text_step3_PersonalReference1' is present

2022-10-24 22:21:32 - [TEST_STEP][PASSED] - setText(findTestObject("E2E_KS_New_Loan_Application_Steps123/input_step3_PersonalReference1_Name"), reference_1_name_step3): Text 'Reference First' is set on object 'Object Repository/E2E_KS_New_Loan_Application_Steps123/input_step3_PersonalReference1_Name'

2022-10-24 22:21:33 - [MESSAGE][PASSED] - Text 'Reference First' is set on object 'Object Repository/E2E_KS_New_Loan_Application_Steps123/input_step3_PersonalReference1_Name'

2022-10-24 22:21:33 - [TEST_STEP][PASSED] - setText(findTestObject("E2E_KS_New_Loan_Application_Steps123/input_step3_PersonalReference1_Phone_Number"), reference_1_phone_number_step3): Text '9176567876' is set on object 'Object Repository/E2E_KS_New_Loan_Application_Steps123/input_step3_PersonalReference1_Phone_Number'

2022-10-24 22:21:33 - [MESSAGE][PASSED] - Text '9176567876' is set on object 'Object Repository/E2E_KS_New_Loan_Application_Steps123/input_step3_PersonalReference1_Phone_Number'

2022-10-24 22:21:33 - [TEST_STEP][PASSED] - click(findTestObject("E2E_KS_New_Loan_Application_Steps123/dropdown_step3_PersonalReference1_Relation")): Object: 'Object Repository/E2E_KS_New_Loan_Application_Steps123/dropdown_step3_PersonalReference1_Relation' is clicked on

2022-10-24 22:21:34 - [MESSAGE][PASSED] - Object: 'Object Repository/E2E_KS_New_Loan_Application_Steps123/dropdown_step3_PersonalReference1_Relation' is clicked on

2022-10-24 22:21:34 - [TEST_STEP][PASSED] - setText(findTestObject("E2E_KS_New_Loan_Application_Steps123/dropdown_input_step3_PersonalReference1_Relation"), reference_1_relation_step3): Text 'Father' is set on object 'Object Repository/E2E_KS_New_Loan_Application_Steps123/dropdown_input_step3_PersonalReference1_Relation'

2022-10-24 22:21:35 - [MESSAGE][PASSED] - Text 'Father' is set on object 'Object Repository/E2E_KS_New_Loan_Application_Steps123/dropdown_input_step3_PersonalReference1_Relation'

2022-10-24 22:21:35 - [TEST_STEP][PASSED] - click(findTestObject("E2E_KS_New_Loan_Application_Steps123/dropdown_select_step3_PersonalReference1_Relation")): Object: 'Object Repository/E2E_KS_New_Loan_Application_Steps123/dropdown_select_step3_PersonalReference1_Relation' is clicked on

2022-10-24 22:21:35 - [MESSAGE][PASSED] - Object: 'Object Repository/E2E_KS_New_Loan_Application_Steps123/dropdown_select_step3_PersonalReference1_Relation' is clicked on

2022-10-24 22:21:35 - [TEST_STEP][PASSED] - verifyElementPresent(findTestObject("E2E_KS_New_Loan_Application_Steps123/text_step3_PersonalReference2"), 0): Object 'Object Repository/E2E_KS_New_Loan_Application_Steps123/text_step3_PersonalReference2' is present

2022-10-24 22:21:35 - [MESSAGE][WARNING] - Timeout '0' is invalid. Using default page load timeout: '30'

2022-10-24 22:21:36 - [MESSAGE][PASSED] - Object 'Object Repository/E2E_KS_New_Loan_Application_Steps123/text_step3_PersonalReference2' is present

2022-10-24 22:21:36 - [TEST_STEP][PASSED] - setText(findTestObject("E2E_KS_New_Loan_Application_Steps123/input_step3_PersonalReference2_Name"), reference_2_name_step3): Text '9176545678' is set on object 'Object Repository/E2E_KS_New_Loan_Application_Steps123/input_step3_PersonalReference2_Name'

2022-10-24 22:21:37 - [MESSAGE][PASSED] - Text '9176545678' is set on object 'Object Repository/E2E_KS_New_Loan_Application_Steps123/input_step3_PersonalReference2_Name'

2022-10-24 22:21:37 - [TEST_STEP][PASSED] - setText(findTestObject("E2E_KS_New_Loan_Application_Steps123/input_step3_PersonalReference2_Phone_Number"), reference_2_phone_number_step3): Text '9176545678' is set on object 'Object Repository/E2E_KS_New_Loan_Application_Steps123/input_step3_PersonalReference2_Phone_Number'

2022-10-24 22:21:38 - [MESSAGE][PASSED] - Text '9176545678' is set on object 'Object Repository/E2E_KS_New_Loan_Application_Steps123/input_step3_PersonalReference2_Phone_Number'

2022-10-24 22:21:38 - [TEST_STEP][PASSED] - click(findTestObject("E2E_KS_New_Loan_Application_Steps123/dropdown_step3_PersonalReference2_Relation")): Object: 'Object Repository/E2E_KS_New_Loan_Application_Steps123/dropdown_step3_PersonalReference2_Relation' is clicked on

2022-10-24 22:21:38 - [MESSAGE][PASSED] - Object: 'Object Repository/E2E_KS_New_Loan_Application_Steps123/dropdown_step3_PersonalReference2_Relation' is clicked on

2022-10-24 22:21:38 - [TEST_STEP][PASSED] - setText(findTestObject("E2E_KS_New_Loan_Application_Steps123/dropdown_input_step3_PersonalReference2_Relation"), reference_2_relation_step3): Text 'Mother' is set on object 'Object Repository/E2E_KS_New_Loan_Application_Steps123/dropdown_input_step3_PersonalReference2_Relation'

2022-10-24 22:21:39 - [MESSAGE][PASSED] - Text 'Mother' is set on object 'Object Repository/E2E_KS_New_Loan_Application_Steps123/dropdown_input_step3_PersonalReference2_Relation'

2022-10-24 22:21:39 - [TEST_STEP][PASSED] - click(findTestObject("E2E_KS_New_Loan_Application_Steps123/dropdown_select_step3_PersonalReference2_Relation")): Object: 'Object Repository/E2E_KS_New_Loan_Application_Steps123/dropdown_select_step3_PersonalReference2_Relation' is clicked on

2022-10-24 22:21:39 - [MESSAGE][PASSED] - Object: 'Object Repository/E2E_KS_New_Loan_Application_Steps123/dropdown_select_step3_PersonalReference2_Relation' is clicked on

2022-10-24 22:21:39 - [TEST_STEP][PASSED] - verifyElementPresent(findTestObject("E2E_KS_New_Loan_Application_Steps123/text_step3_PersonalReference3"), 0): Object 'Object Repository/E2E_KS_New_Loan_Application_Steps123/text_step3_PersonalReference3' is present

2022-10-24 22:21:39 - [MESSAGE][WARNING] - Timeout '0' is invalid. Using default page load timeout: '30'

2022-10-24 22:21:40 - [MESSAGE][PASSED] - Object 'Object Repository/E2E_KS_New_Loan_Application_Steps123/text_step3_PersonalReference3' is present

2022-10-24 22:21:40 - [TEST_STEP][PASSED] - setText(findTestObject("E2E_KS_New_Loan_Application_Steps123/input_step3_PersonalReference3_Name"), reference_3_name_step3): Text 'Reference Third' is set on object 'Object Repository/E2E_KS_New_Loan_Application_Steps123/input_step3_PersonalReference3_Name'

2022-10-24 22:21:41 - [MESSAGE][PASSED] - Text 'Reference Third' is set on object 'Object Repository/E2E_KS_New_Loan_Application_Steps123/input_step3_PersonalReference3_Name'

2022-10-24 22:21:41 - [TEST_STEP][PASSED] - setText(findTestObject("E2E_KS_New_Loan_Application_Steps123/input_step3_PersonalReference3_Phone_Number"), reference_3_phone_number_step3): Text '9176543213' is set on object 'Object Repository/E2E_KS_New_Loan_Application_Steps123/input_step3_PersonalReference3_Phone_Number'

2022-10-24 22:21:42 - [MESSAGE][PASSED] - Text '9176543213' is set on object 'Object Repository/E2E_KS_New_Loan_Application_Steps123/input_step3_PersonalReference3_Phone_Number'

2022-10-24 22:21:42 - [TEST_STEP][PASSED] - click(findTestObject("E2E_KS_New_Loan_Application_Steps123/dropdown_step3_PersonalReference3_Relation")): Object: 'Object Repository/E2E_KS_New_Loan_Application_Steps123/dropdown_step3_PersonalReference3_Relation' is clicked on

2022-10-24 22:21:42 - [MESSAGE][PASSED] - Object: 'Object Repository/E2E_KS_New_Loan_Application_Steps123/dropdown_step3_PersonalReference3_Relation' is clicked on

2022-10-24 22:21:42 - [TEST_STEP][PASSED] - setText(findTestObject("E2E_KS_New_Loan_Application_Steps123/dropdown_input_step3_PersonalReference3_Relation"), reference_3_relation_step3): Text 'Spouse' is set on object 'Object Repository/E2E_KS_New_Loan_Application_Steps123/dropdown_input_step3_PersonalReference3_Relation'

2022-10-24 22:21:43 - [MESSAGE][PASSED] - Text 'Spouse' is set on object 'Object Repository/E2E_KS_New_Loan_Application_Steps123/dropdown_input_step3_PersonalReference3_Relation'

2022-10-24 22:21:43 - [TEST_STEP][PASSED] - click(findTestObject("E2E_KS_New_Loan_Application_Steps123/dropdown_select_step3_PersonalReference3_Relation")): Object: 'Object Repository/E2E_KS_New_Loan_Application_Steps123/dropdown_select_step3_PersonalReference3_Relation' is clicked on

2022-10-24 22:21:43 - [MESSAGE][PASSED] - Object: 'Object Repository/E2E_KS_New_Loan_Application_Steps123/dropdown_select_step3_PersonalReference3_Relation' is clicked on

2022-10-24 22:21:43 - [TEST_STEP][PASSED] - verifyElementPresent(findTestObject("E2E_KS_New_Loan_Application_Steps123/text_step3_PersonalReference4"), 0): Object 'Object Repository/E2E_KS_New_Loan_Application_Steps123/text_step3_PersonalReference4' is present

2022-10-24 22:21:43 - [MESSAGE][WARNING] - Timeout '0' is invalid. Using default page load timeout: '30'

2022-10-24 22:21:44 - [MESSAGE][PASSED] - Object 'Object Repository/E2E_KS_New_Loan_Application_Steps123/text_step3_PersonalReference4' is present

2022-10-24 22:21:44 - [TEST_STEP][PASSED] - setText(findTestObject("E2E_KS_New_Loan_Application_Steps123/input_step3_PersonalReference4_Name"), reference_4_name_step3): Text 'Reference Fourth' is set on object 'Object Repository/E2E_KS_New_Loan_Application_Steps123/input_step3_PersonalReference4_Name'

2022-10-24 22:21:45 - [MESSAGE][PASSED] - Text 'Reference Fourth' is set on object 'Object Repository/E2E_KS_New_Loan_Application_Steps123/input_step3_PersonalReference4_Name'

2022-10-24 22:21:45 - [TEST_STEP][PASSED] - setText(findTestObject("E2E_KS_New_Loan_Application_Steps123/input_step3_PersonalReference4_Phone_Number"), reference_4_phone_number_step3): Text '9175645432' is set on object 'Object Repository/E2E_KS_New_Loan_Application_Steps123/input_step3_PersonalReference4_Phone_Number'

2022-10-24 22:21:46 - [MESSAGE][PASSED] - Text '9175645432' is set on object 'Object Repository/E2E_KS_New_Loan_Application_Steps123/input_step3_PersonalReference4_Phone_Number'

2022-10-24 22:21:46 - [TEST_STEP][PASSED] - click(findTestObject("E2E_KS_New_Loan_Application_Steps123/dropdown_step3_PersonalReference4_Relation")): Object: 'Object Repository/E2E_KS_New_Loan_Application_Steps123/dropdown_step3_PersonalReference4_Relation' is clicked on

2022-10-24 22:21:46 - [MESSAGE][PASSED] - Object: 'Object Repository/E2E_KS_New_Loan_Application_Steps123/dropdown_step3_PersonalReference4_Relation' is clicked on

2022-10-24 22:21:46 - [TEST_STEP][PASSED] - setText(findTestObject("E2E_KS_New_Loan_Application_Steps123/dropdown_input_step3_PersonalReference4_Relation"), reference_4_relation_step3): Text 'Sibling' is set on object 'Object Repository/E2E_KS_New_Loan_Application_Steps123/dropdown_input_step3_PersonalReference4_Relation'

2022-10-24 22:21:47 - [MESSAGE][PASSED] - Text 'Sibling' is set on object 'Object Repository/E2E_KS_New_Loan_Application_Steps123/dropdown_input_step3_PersonalReference4_Relation'

2022-10-24 22:21:47 - [TEST_STEP][PASSED] - click(findTestObject("E2E_KS_New_Loan_Application_Steps123/dropdown_select_step3_PersonalReference4_Relation")): Object: 'Object Repository/E2E_KS_New_Loan_Application_Steps123/dropdown_select_step3_PersonalReference4_Relation' is clicked on

2022-10-24 22:21:47 - [MESSAGE][PASSED] - Object: 'Object Repository/E2E_KS_New_Loan_Application_Steps123/dropdown_select_step3_PersonalReference4_Relation' is clicked on

2022-10-24 22:21:47 - [TEST_STEP][PASSED] - click(findTestObject("Archive_New_Loan_Application_Steps123/label_IWe further authorize KAYAMO and any _0f13c4")): Object: 'Object Repository/Archive_New_Loan_Application_Steps123/label_IWe further authorize KAYAMO and any _0f13c4' is clicked on

2022-10-24 22:21:48 - [MESSAGE][PASSED] - Object: 'Object Repository/Archive_New_Loan_Application_Steps123/label_IWe further authorize KAYAMO and any _0f13c4' is clicked on

2022-10-24 22:21:48 - [TEST_STEP][PASSED] - click(findTestObject("Archive_New_Loan_Application_Steps123/input_Classmates_vehicle")): Object: 'Object Repository/Archive_New_Loan_Application_Steps123/input_Classmates_vehicle' is clicked on

2022-10-24 22:21:48 - [MESSAGE][PASSED] - Object: 'Object Repository/Archive_New_Loan_Application_Steps123/input_Classmates_vehicle' is clicked on

2022-10-24 22:21:48 - [TEST_STEP][PASSED] - click(findTestObject("Archive_New_Loan_Application_Steps123/label_IWe further authorize KAYAMO and any _0f13c4")): Object: 'Object Repository/Archive_New_Loan_Application_Steps123/label_IWe further authorize KAYAMO and any _0f13c4' is clicked on

2022-10-24 22:21:49 - [MESSAGE][PASSED] - Object: 'Object Repository/Archive_New_Loan_Application_Steps123/label_IWe further authorize KAYAMO and any _0f13c4' is clicked on]]></system-out>
         <system-err><![CDATA[]]></system-err>
      </testcase>
      <system-out><![CDATA[2022-10-24 22:18:33 - [TEST_SUITE][PASSED] - E2E_TS001_New_Loan_Application: Test Cases/E2E Test Cases/E2E_TC005_KS_New_Loan_Application_Step3]]></system-out>
      <system-err><![CDATA[]]></system-err>
   </testsuite>
</testsuites>
