<?xml version="1.0" encoding="UTF-8"?>
<testsuites name="BO_TS002_CollectionCenter_View" time="39.617" tests="3" failures="0" skips="0" errors="0">
   <testsuite name="BO_TS002_CollectionCenter_View" tests="3" failures="0" errors="0" time="39.617" skips="0" timestamp="2022-10-24 14:17:15" hostname="carlcarriedo - 192.168.1.2" id="Test Suites/BackOffice_Functional_Tests/BO_TS002_CollectionCenter_View">
      <properties>
         <property name="deviceName" value=""/>
         <property name="devicePlatform" value=""/>
         <property name="logFolder" value="/Users/carlcarriedo/git/kayamo-automation/Reports/20221024_141658/BackOffice_Functional_Tests/BO_TS002_CollectionCenter_View/20221024_141658"/>
         <property name="logFiles" value="/Users/carlcarriedo/git/kayamo-automation/Reports/20221024_141658/BackOffice_Functional_Tests/BO_TS002_CollectionCenter_View/20221024_141658/execution0.log"/>
         <property name="attachments" value="/Users/carlcarriedo/git/kayamo-automation/Reports/20221024_141658/BackOffice_Functional_Tests/BO_TS002_CollectionCenter_View/20221024_141658/1666592252911.png, /Users/carlcarriedo/git/kayamo-automation/Reports/20221024_141658/BackOffice_Functional_Tests/BO_TS002_CollectionCenter_View/20221024_141658/1666592254131.png, /Users/carlcarriedo/git/kayamo-automation/Reports/20221024_141658/BackOffice_Functional_Tests/BO_TS002_CollectionCenter_View/20221024_141658/1666592260033.png, /Users/carlcarriedo/git/kayamo-automation/Reports/20221024_141658/BackOffice_Functional_Tests/BO_TS002_CollectionCenter_View/20221024_141658/1666592263237.png"/>
         <property name="hostName" value="carlcarriedo - 192.168.1.2"/>
         <property name="os" value="Mac OS X 64bit"/>
         <property name="katalonVersion" value="7.8.2.208"/>
         <property name="browser" value="Chrome 106.0.0.0"/>
         <property name="hostAddress" value="192.168.1.2"/>
         <property name="sessionId" value="0f06835191384ac3d74729454e4d29ac"/>
         <property name="seleniumVersion" value="3.141.59"/>
         <property name="proxyInformation" value="ProxyInformation { proxyOption=NO_PROXY, proxyServerType=HTTP, username=, password=********, proxyServerAddress=, proxyServerPort=0, executionList=&quot;&quot;, isApplyToDesiredCapabilities=true }"/>
         <property name="platform" value="Mac OS X"/>
      </properties>
      <testcase name="Test Cases/BackOffice_Functional/BO_Login" time="16.752" classname="Test Cases/BackOffice_Functional/BO_Login" status="PASSED">
         <system-out><![CDATA[2022-10-24 14:17:16 - [TEST_CASE][PASSED] - Test Cases/BackOffice_Functional/BO_Login: Test Cases/BackOffice_Functional/BO_Login

2022-10-24 14:17:16 - [TEST_STEP][PASSED] - openBrowser(""): Browser is opened with url: ''

2022-10-24 14:17:17 - [MESSAGE][INFO] - Starting 'Chrome' driver

2022-10-24 14:17:17 - [MESSAGE][INFO] - Action delay is set to 0 milliseconds

2022-10-24 14:17:22 - [MESSAGE][PASSED] - Browser is opened with url: ''

2022-10-24 14:17:22 - [TEST_STEP][PASSED] - maximizeWindow(): Current window maximized

2022-10-24 14:17:22 - [MESSAGE][PASSED] - Current window maximized

2022-10-24 14:17:22 - [TEST_STEP][PASSED] - navigateToUrl(url): Navigate to 'https://uat-admin.kayamo.com.ph/auth/login' successfully

2022-10-24 14:17:24 - [MESSAGE][PASSED] - Navigate to 'https://uat-admin.kayamo.com.ph/auth/login' successfully

2022-10-24 14:17:24 - [TEST_STEP][PASSED] - verifyElementPresent(findTestObject("BackOffice/Login_Logout/input_Username"), 0): Object 'Object Repository/BackOffice/Login_Logout/input_Username' is present

2022-10-24 14:17:24 - [MESSAGE][WARNING] - Timeout '0' is invalid. Using default page load timeout: '30'

2022-10-24 14:17:24 - [MESSAGE][PASSED] - Object 'Object Repository/BackOffice/Login_Logout/input_Username' is present

2022-10-24 14:17:24 - [TEST_STEP][PASSED] - setText(findTestObject("Object Repository/BackOffice/Login_Logout/input_Username"), username): Text 'kayamo888' is set on object 'Object Repository/BackOffice/Login_Logout/input_Username'

2022-10-24 14:17:25 - [MESSAGE][PASSED] - Text 'kayamo888' is set on object 'Object Repository/BackOffice/Login_Logout/input_Username'

2022-10-24 14:17:25 - [TEST_STEP][PASSED] - verifyElementPresent(findTestObject("BackOffice/Login_Logout/input_Password"), 0): Object 'Object Repository/BackOffice/Login_Logout/input_Password' is present

2022-10-24 14:17:25 - [MESSAGE][WARNING] - Timeout '0' is invalid. Using default page load timeout: '30'

2022-10-24 14:17:26 - [MESSAGE][PASSED] - Object 'Object Repository/BackOffice/Login_Logout/input_Password' is present

2022-10-24 14:17:26 - [TEST_STEP][PASSED] - setText(findTestObject("Object Repository/BackOffice/Login_Logout/input_Password"), password): Text 'KingBadger' is set on object 'Object Repository/BackOffice/Login_Logout/input_Password'

2022-10-24 14:17:27 - [MESSAGE][PASSED] - Text 'KingBadger' is set on object 'Object Repository/BackOffice/Login_Logout/input_Password'

2022-10-24 14:17:27 - [TEST_STEP][PASSED] - click(findTestObject("Object Repository/BackOffice/Login_Logout/button_Login")): Object: 'Object Repository/BackOffice/Login_Logout/button_Login' is clicked on

2022-10-24 14:17:29 - [MESSAGE][PASSED] - Object: 'Object Repository/BackOffice/Login_Logout/button_Login' is clicked on

2022-10-24 14:17:29 - [TEST_STEP][PASSED] - verifyElementText(findTestObject("BackOffice/Login_Logout/profile_Name"), profile_name): Actual text and expected text of test object 'Object Repository/BackOffice/Login_Logout/profile_Name' are matched.

2022-10-24 14:17:31 - [MESSAGE][PASSED] - Actual text and expected text of test object 'Object Repository/BackOffice/Login_Logout/profile_Name' are matched.

2022-10-24 14:17:31 - [TEST_STEP][PASSED] - takeScreenshot(): Taking screenshot successfully

2022-10-24 14:17:33 - [MESSAGE][PASSED] - Taking screenshot successfully
[[ATTACHMENT|/Users/carlcarriedo/git/kayamo-automation/Reports/20221024_141658/BackOffice_Functional_Tests/BO_TS002_CollectionCenter_View/20221024_141658/1666592252911.png]]]]></system-out>
         <system-err><![CDATA[]]></system-err>
      </testcase>
      <testcase name="Test Cases/BackOffice_Functional/BO_TC002_CollectionCenter_View" time="18.217" classname="Test Cases/BackOffice_Functional/BO_TC002_CollectionCenter_View" status="PASSED">
         <system-out><![CDATA[2022-10-24 14:17:33 - [TEST_CASE][PASSED] - Test Cases/BackOffice_Functional/BO_TC002_CollectionCenter_View: Test Cases/BackOffice_Functional/BO_TC002_CollectionCenter_View

2022-10-24 14:17:33 - [TEST_STEP][PASSED] - takeScreenshot(): Taking screenshot successfully

2022-10-24 14:17:34 - [MESSAGE][PASSED] - Taking screenshot successfully
[[ATTACHMENT|/Users/carlcarriedo/git/kayamo-automation/Reports/20221024_141658/BackOffice_Functional_Tests/BO_TS002_CollectionCenter_View/20221024_141658/1666592254131.png]]

2022-10-24 14:17:34 - [TEST_STEP][PASSED] - click(findTestObject("Object Repository/BackOffice/BO_Collection_Center/menu_Collection center")): Object: 'Object Repository/BackOffice/BO_Collection_Center/menu_Collection center' is clicked on

2022-10-24 14:17:34 - [MESSAGE][PASSED] - Object: 'Object Repository/BackOffice/BO_Collection_Center/menu_Collection center' is clicked on

2022-10-24 14:17:34 - [TEST_STEP][PASSED] - click(findTestObject("Object Repository/BackOffice/BO_Collection_Center/submenu_All cases")): Object: 'Object Repository/BackOffice/BO_Collection_Center/submenu_All cases' is clicked on

2022-10-24 14:17:37 - [MESSAGE][PASSED] - Object: 'Object Repository/BackOffice/BO_Collection_Center/submenu_All cases' is clicked on

2022-10-24 14:17:37 - [TEST_STEP][PASSED] - setText(findTestObject("Object Repository/BackOffice/BO_Collection_Center/input_Loan_Number"), loan_number): Text '9849' is set on object 'Object Repository/BackOffice/BO_Collection_Center/input_Loan_Number'

2022-10-24 14:17:38 - [MESSAGE][PASSED] - Text '9849' is set on object 'Object Repository/BackOffice/BO_Collection_Center/input_Loan_Number'

2022-10-24 14:17:38 - [TEST_STEP][PASSED] - click(findTestObject("Object Repository/BackOffice/BO_Collection_Center/button_Search")): Object: 'Object Repository/BackOffice/BO_Collection_Center/button_Search' is clicked on

2022-10-24 14:17:39 - [MESSAGE][PASSED] - Object: 'Object Repository/BackOffice/BO_Collection_Center/button_Search' is clicked on

2022-10-24 14:17:39 - [TEST_STEP][PASSED] - takeScreenshot(): Taking screenshot successfully

2022-10-24 14:17:40 - [MESSAGE][PASSED] - Taking screenshot successfully
[[ATTACHMENT|/Users/carlcarriedo/git/kayamo-automation/Reports/20221024_141658/BackOffice_Functional_Tests/BO_TS002_CollectionCenter_View/20221024_141658/1666592260033.png]]

2022-10-24 14:17:40 - [TEST_STEP][PASSED] - verifyElementText(findTestObject("Object Repository/BackOffice/BO_Collection_Center/table_Loan_Number"), table_loan_number): Actual text and expected text of test object 'Object Repository/BackOffice/BO_Collection_Center/table_Loan_Number' are matched.

2022-10-24 14:17:40 - [MESSAGE][PASSED] - Actual text and expected text of test object 'Object Repository/BackOffice/BO_Collection_Center/table_Loan_Number' are matched.

2022-10-24 14:17:40 - [TEST_STEP][PASSED] - verifyElementText(findTestObject("BackOffice/BO_Collection_Center/table_Mobile_Number"), table_mobile_number): Actual text and expected text of test object 'Object Repository/BackOffice/BO_Collection_Center/table_Mobile_Number' are matched.

2022-10-24 14:17:41 - [MESSAGE][PASSED] - Actual text and expected text of test object 'Object Repository/BackOffice/BO_Collection_Center/table_Mobile_Number' are matched.

2022-10-24 14:17:41 - [TEST_STEP][PASSED] - verifyElementText(findTestObject("Object Repository/BackOffice/BO_Collection_Center/table_Status"), table_status): Actual text and expected text of test object 'Object Repository/BackOffice/BO_Collection_Center/table_Status' are matched.

2022-10-24 14:17:41 - [MESSAGE][PASSED] - Actual text and expected text of test object 'Object Repository/BackOffice/BO_Collection_Center/table_Status' are matched.

2022-10-24 14:17:41 - [TEST_STEP][PASSED] - click(findTestObject("Object Repository/BackOffice/BO_Collection_Center/table_View")): Object: 'Object Repository/BackOffice/BO_Collection_Center/table_View' is clicked on

2022-10-24 14:17:43 - [MESSAGE][PASSED] - Object: 'Object Repository/BackOffice/BO_Collection_Center/table_View' is clicked on

2022-10-24 14:17:43 - [TEST_STEP][PASSED] - takeFullPageScreenshot(): Taking screenshot successfully

2022-10-24 14:17:47 - [MESSAGE][PASSED] - Taking screenshot successfully
[[ATTACHMENT|/Users/carlcarriedo/git/kayamo-automation/Reports/20221024_141658/BackOffice_Functional_Tests/BO_TS002_CollectionCenter_View/20221024_141658/1666592263237.png]]

2022-10-24 14:17:47 - [TEST_STEP][PASSED] - verifyElementText(findTestObject("Object Repository/BackOffice/BO_Collection_Center/h3_Details"), h3_details): Actual text and expected text of test object 'Object Repository/BackOffice/BO_Collection_Center/h3_Details' are matched.

2022-10-24 14:17:47 - [MESSAGE][PASSED] - Actual text and expected text of test object 'Object Repository/BackOffice/BO_Collection_Center/h3_Details' are matched.

2022-10-24 14:17:47 - [TEST_STEP][PASSED] - verifyElementText(findTestObject("Object Repository/BackOffice/BO_Collection_Center/h2_Loan_Information"), h2_loan_information): Actual text and expected text of test object 'Object Repository/BackOffice/BO_Collection_Center/h2_Loan_Information' are matched.

2022-10-24 14:17:48 - [MESSAGE][PASSED] - Actual text and expected text of test object 'Object Repository/BackOffice/BO_Collection_Center/h2_Loan_Information' are matched.

2022-10-24 14:17:48 - [TEST_STEP][PASSED] - verifyElementText(findTestObject("Object Repository/BackOffice/BO_Collection_Center/h2_Personal_Contact_Information"), h2_personal_contact_information): Actual text and expected text of test object 'Object Repository/BackOffice/BO_Collection_Center/h2_Personal_Contact_Information' are matched.

2022-10-24 14:17:48 - [MESSAGE][PASSED] - Actual text and expected text of test object 'Object Repository/BackOffice/BO_Collection_Center/h2_Personal_Contact_Information' are matched.

2022-10-24 14:17:48 - [TEST_STEP][PASSED] - verifyElementText(findTestObject("Object Repository/BackOffice/BO_Collection_Center/h2_Contact Reference"), h2_contact_reference): Actual text and expected text of test object 'Object Repository/BackOffice/BO_Collection_Center/h2_Contact Reference' are matched.

2022-10-24 14:17:49 - [MESSAGE][PASSED] - Actual text and expected text of test object 'Object Repository/BackOffice/BO_Collection_Center/h2_Contact Reference' are matched.

2022-10-24 14:17:49 - [TEST_STEP][PASSED] - verifyElementText(findTestObject("Object Repository/BackOffice/BO_Collection_Center/h2_collection_detail_logs"), h2_collection_detail_logs): Actual text and expected text of test object 'Object Repository/BackOffice/BO_Collection_Center/h2_collection_detail_logs' are matched.

2022-10-24 14:17:49 - [MESSAGE][PASSED] - Actual text and expected text of test object 'Object Repository/BackOffice/BO_Collection_Center/h2_collection_detail_logs' are matched.

2022-10-24 14:17:49 - [TEST_STEP][PASSED] - verifyElementText(findTestObject("Object Repository/BackOffice/BO_Collection_Center/LoanInformation_Loan_Number"), loaninformation_loan_number): Actual text and expected text of test object 'Object Repository/BackOffice/BO_Collection_Center/LoanInformation_Loan_Number' are matched.

2022-10-24 14:17:50 - [MESSAGE][PASSED] - Actual text and expected text of test object 'Object Repository/BackOffice/BO_Collection_Center/LoanInformation_Loan_Number' are matched.

2022-10-24 14:17:50 - [TEST_STEP][PASSED] - verifyElementText(findTestObject("Object Repository/BackOffice/BO_Collection_Center/PersonalContactInfo_Full_Name"), personalcontaciInfo_full_name): Actual text and expected text of test object 'Object Repository/BackOffice/BO_Collection_Center/PersonalContactInfo_Full_Name' are matched.

2022-10-24 14:17:50 - [MESSAGE][PASSED] - Actual text and expected text of test object 'Object Repository/BackOffice/BO_Collection_Center/PersonalContactInfo_Full_Name' are matched.

2022-10-24 14:17:50 - [TEST_STEP][PASSED] - verifyElementText(findTestObject("Object Repository/BackOffice/BO_Collection_Center/PersonalContactInfo_Mobile_Number"), personalcontaciInfo_mobile_number): Actual text and expected text of test object 'Object Repository/BackOffice/BO_Collection_Center/PersonalContactInfo_Mobile_Number' are matched.

2022-10-24 14:17:51 - [MESSAGE][PASSED] - Actual text and expected text of test object 'Object Repository/BackOffice/BO_Collection_Center/PersonalContactInfo_Mobile_Number' are matched.

2022-10-24 14:17:51 - [TEST_STEP][PASSED] - verifyElementPresent(findTestObject("Object Repository/BackOffice/BO_Collection_Center/ContactReference_Table"), 0): Object 'Object Repository/BackOffice/BO_Collection_Center/ContactReference_Table' is present

2022-10-24 14:17:51 - [MESSAGE][WARNING] - Timeout '0' is invalid. Using default page load timeout: '30'

2022-10-24 14:17:51 - [MESSAGE][PASSED] - Object 'Object Repository/BackOffice/BO_Collection_Center/ContactReference_Table' is present]]></system-out>
         <system-err><![CDATA[]]></system-err>
      </testcase>
      <testcase name="Test Cases/BackOffice_Functional/BO_Logout" time="2.67" classname="Test Cases/BackOffice_Functional/BO_Logout" status="PASSED">
         <system-out><![CDATA[2022-10-24 14:17:51 - [TEST_CASE][PASSED] - Test Cases/BackOffice_Functional/BO_Logout: Test Cases/BackOffice_Functional/BO_Logout

2022-10-24 14:17:52 - [TEST_STEP][PASSED] - click(findTestObject("BackOffice/Login_Logout/profile_icon")): Object: 'Object Repository/BackOffice/Login_Logout/profile_icon' is clicked on

2022-10-24 14:17:52 - [MESSAGE][PASSED] - Object: 'Object Repository/BackOffice/Login_Logout/profile_icon' is clicked on

2022-10-24 14:17:52 - [TEST_STEP][PASSED] - click(findTestObject("Object Repository/BackOffice/Login_Logout/profile_logout")): Object: 'Object Repository/BackOffice/Login_Logout/profile_logout' is clicked on

2022-10-24 14:17:53 - [MESSAGE][PASSED] - Object: 'Object Repository/BackOffice/Login_Logout/profile_logout' is clicked on

2022-10-24 14:17:53 - [TEST_STEP][PASSED] - verifyElementPresent(findTestObject("BackOffice/Login_Logout/input_Username"), 0): Object 'Object Repository/BackOffice/Login_Logout/input_Username' is present

2022-10-24 14:17:53 - [MESSAGE][WARNING] - Timeout '0' is invalid. Using default page load timeout: '30'

2022-10-24 14:17:53 - [MESSAGE][PASSED] - Object 'Object Repository/BackOffice/Login_Logout/input_Username' is present

2022-10-24 14:17:53 - [TEST_STEP][PASSED] - verifyElementPresent(findTestObject("BackOffice/Login_Logout/input_Password"), 0): Object 'Object Repository/BackOffice/Login_Logout/input_Password' is present

2022-10-24 14:17:53 - [MESSAGE][WARNING] - Timeout '0' is invalid. Using default page load timeout: '30'

2022-10-24 14:17:54 - [MESSAGE][PASSED] - Object 'Object Repository/BackOffice/Login_Logout/input_Password' is present

2022-10-24 14:17:54 - [TEST_STEP][PASSED] - closeBrowser(): Browser is closed

2022-10-24 14:17:54 - [MESSAGE][PASSED] - Browser is closed]]></system-out>
         <system-err><![CDATA[]]></system-err>
      </testcase>
      <system-out><![CDATA[2022-10-24 14:17:15 - [TEST_SUITE][PASSED] - BO_TS002_CollectionCenter_View: Test Cases/BackOffice_Functional/BO_Logout]]></system-out>
      <system-err><![CDATA[]]></system-err>
   </testsuite>
</testsuites>
