<?xml version="1.0" encoding="UTF-8"?>
<testsuites name="BO_TS002_CollectionCenter_View" time="39.193" tests="3" failures="0" skips="0" errors="0">
   <testsuite name="BO_TS002_CollectionCenter_View" tests="3" failures="0" errors="0" time="39.193" skips="0" timestamp="2022-10-24 18:08:09" hostname="carlcarriedo - 192.168.1.2" id="Test Suites/BackOffice_Functional_Tests/BO_TS002_CollectionCenter_View">
      <properties>
         <property name="deviceName" value=""/>
         <property name="devicePlatform" value=""/>
         <property name="logFolder" value="/Users/carlcarriedo/git/kayamo-automation/Reports/20221024_180751/BackOffice_Functional_Tests/BO_TS002_CollectionCenter_View/20221024_180751"/>
         <property name="logFiles" value="/Users/carlcarriedo/git/kayamo-automation/Reports/20221024_180751/BackOffice_Functional_Tests/BO_TS002_CollectionCenter_View/20221024_180751/execution0.log"/>
         <property name="attachments" value="/Users/carlcarriedo/git/kayamo-automation/Reports/20221024_180751/BackOffice_Functional_Tests/BO_TS002_CollectionCenter_View/20221024_180751/1666606107238.png, /Users/carlcarriedo/git/kayamo-automation/Reports/20221024_180751/BackOffice_Functional_Tests/BO_TS002_CollectionCenter_View/20221024_180751/1666606109160.png, /Users/carlcarriedo/git/kayamo-automation/Reports/20221024_180751/BackOffice_Functional_Tests/BO_TS002_CollectionCenter_View/20221024_180751/1666606115343.png, /Users/carlcarriedo/git/kayamo-automation/Reports/20221024_180751/BackOffice_Functional_Tests/BO_TS002_CollectionCenter_View/20221024_180751/1666606118305.png"/>
         <property name="hostName" value="carlcarriedo - 192.168.1.2"/>
         <property name="os" value="Mac OS X 64bit"/>
         <property name="katalonVersion" value="7.8.2.208"/>
         <property name="browser" value="Chrome 106.0.0.0"/>
         <property name="hostAddress" value="192.168.1.2"/>
         <property name="sessionId" value="5ffed5daac796fdab8db9702a751377d"/>
         <property name="seleniumVersion" value="3.141.59"/>
         <property name="proxyInformation" value="ProxyInformation { proxyOption=NO_PROXY, proxyServerType=HTTP, username=, password=********, proxyServerAddress=, proxyServerPort=0, executionList=&quot;&quot;, isApplyToDesiredCapabilities=true }"/>
         <property name="platform" value="Mac OS X"/>
      </properties>
      <testcase name="Test Cases/BackOffice_Functional/BO_Login" time="17.539" classname="Test Cases/BackOffice_Functional/BO_Login" status="PASSED">
         <system-out><![CDATA[2022-10-24 18:08:10 - [TEST_CASE][PASSED] - Test Cases/BackOffice_Functional/BO_Login: Test Cases/BackOffice_Functional/BO_Login

2022-10-24 18:08:11 - [TEST_STEP][PASSED] - openBrowser(""): Browser is opened with url: ''

2022-10-24 18:08:11 - [MESSAGE][INFO] - Starting 'Chrome' driver

2022-10-24 18:08:11 - [MESSAGE][INFO] - Action delay is set to 0 milliseconds

2022-10-24 18:08:16 - [MESSAGE][PASSED] - Browser is opened with url: ''

2022-10-24 18:08:16 - [TEST_STEP][PASSED] - maximizeWindow(): Current window maximized

2022-10-24 18:08:17 - [MESSAGE][PASSED] - Current window maximized

2022-10-24 18:08:17 - [TEST_STEP][PASSED] - navigateToUrl(url): Navigate to 'https://uat-admin.kayamo.com.ph/auth/login' successfully

2022-10-24 18:08:18 - [MESSAGE][PASSED] - Navigate to 'https://uat-admin.kayamo.com.ph/auth/login' successfully

2022-10-24 18:08:18 - [TEST_STEP][PASSED] - verifyElementPresent(findTestObject("BackOffice/Login_Logout/input_Username"), 0): Object 'Object Repository/BackOffice/Login_Logout/input_Username' is present

2022-10-24 18:08:19 - [MESSAGE][WARNING] - Timeout '0' is invalid. Using default page load timeout: '30'

2022-10-24 18:08:19 - [MESSAGE][PASSED] - Object 'Object Repository/BackOffice/Login_Logout/input_Username' is present

2022-10-24 18:08:19 - [TEST_STEP][PASSED] - setText(findTestObject("Object Repository/BackOffice/Login_Logout/input_Username"), username): Text 'kayamo888' is set on object 'Object Repository/BackOffice/Login_Logout/input_Username'

2022-10-24 18:08:20 - [MESSAGE][PASSED] - Text 'kayamo888' is set on object 'Object Repository/BackOffice/Login_Logout/input_Username'

2022-10-24 18:08:20 - [TEST_STEP][PASSED] - verifyElementPresent(findTestObject("BackOffice/Login_Logout/input_Password"), 0): Object 'Object Repository/BackOffice/Login_Logout/input_Password' is present

2022-10-24 18:08:20 - [MESSAGE][WARNING] - Timeout '0' is invalid. Using default page load timeout: '30'

2022-10-24 18:08:21 - [MESSAGE][PASSED] - Object 'Object Repository/BackOffice/Login_Logout/input_Password' is present

2022-10-24 18:08:21 - [TEST_STEP][PASSED] - setText(findTestObject("Object Repository/BackOffice/Login_Logout/input_Password"), password): Text 'KingBadger' is set on object 'Object Repository/BackOffice/Login_Logout/input_Password'

2022-10-24 18:08:22 - [MESSAGE][PASSED] - Text 'KingBadger' is set on object 'Object Repository/BackOffice/Login_Logout/input_Password'

2022-10-24 18:08:22 - [TEST_STEP][PASSED] - click(findTestObject("Object Repository/BackOffice/Login_Logout/button_Login")): Object: 'Object Repository/BackOffice/Login_Logout/button_Login' is clicked on

2022-10-24 18:08:25 - [MESSAGE][PASSED] - Object: 'Object Repository/BackOffice/Login_Logout/button_Login' is clicked on

2022-10-24 18:08:25 - [TEST_STEP][PASSED] - verifyElementText(findTestObject("BackOffice/Login_Logout/profile_Name"), profile_name): Actual text and expected text of test object 'Object Repository/BackOffice/Login_Logout/profile_Name' are matched.

2022-10-24 18:08:26 - [MESSAGE][PASSED] - Actual text and expected text of test object 'Object Repository/BackOffice/Login_Logout/profile_Name' are matched.

2022-10-24 18:08:26 - [TEST_STEP][PASSED] - takeScreenshot(): Taking screenshot successfully

2022-10-24 18:08:28 - [MESSAGE][PASSED] - Taking screenshot successfully
[[ATTACHMENT|/Users/carlcarriedo/git/kayamo-automation/Reports/20221024_180751/BackOffice_Functional_Tests/BO_TS002_CollectionCenter_View/20221024_180751/1666606107238.png]]]]></system-out>
         <system-err><![CDATA[]]></system-err>
      </testcase>
      <testcase name="Test Cases/BackOffice_Functional/BO_TC002_CollectionCenter_View" time="17.733" classname="Test Cases/BackOffice_Functional/BO_TC002_CollectionCenter_View" status="PASSED">
         <system-out><![CDATA[2022-10-24 18:08:28 - [TEST_CASE][PASSED] - Test Cases/BackOffice_Functional/BO_TC002_CollectionCenter_View: Test Cases/BackOffice_Functional/BO_TC002_CollectionCenter_View

2022-10-24 18:08:28 - [TEST_STEP][PASSED] - takeScreenshot(): Taking screenshot successfully

2022-10-24 18:08:29 - [MESSAGE][PASSED] - Taking screenshot successfully
[[ATTACHMENT|/Users/carlcarriedo/git/kayamo-automation/Reports/20221024_180751/BackOffice_Functional_Tests/BO_TS002_CollectionCenter_View/20221024_180751/1666606109160.png]]

2022-10-24 18:08:29 - [TEST_STEP][PASSED] - click(findTestObject("Object Repository/BackOffice/BO_Collection_Center/menu_Collection center")): Object: 'Object Repository/BackOffice/BO_Collection_Center/menu_Collection center' is clicked on

2022-10-24 18:08:29 - [MESSAGE][PASSED] - Object: 'Object Repository/BackOffice/BO_Collection_Center/menu_Collection center' is clicked on

2022-10-24 18:08:29 - [TEST_STEP][PASSED] - click(findTestObject("Object Repository/BackOffice/BO_Collection_Center/submenu_All cases")): Object: 'Object Repository/BackOffice/BO_Collection_Center/submenu_All cases' is clicked on

2022-10-24 18:08:31 - [MESSAGE][PASSED] - Object: 'Object Repository/BackOffice/BO_Collection_Center/submenu_All cases' is clicked on

2022-10-24 18:08:32 - [TEST_STEP][PASSED] - setText(findTestObject("Object Repository/BackOffice/BO_Collection_Center/input_Loan_Number"), loan_number): Text '9849' is set on object 'Object Repository/BackOffice/BO_Collection_Center/input_Loan_Number'

2022-10-24 18:08:32 - [MESSAGE][PASSED] - Text '9849' is set on object 'Object Repository/BackOffice/BO_Collection_Center/input_Loan_Number'

2022-10-24 18:08:32 - [TEST_STEP][PASSED] - click(findTestObject("Object Repository/BackOffice/BO_Collection_Center/button_Search")): Object: 'Object Repository/BackOffice/BO_Collection_Center/button_Search' is clicked on

2022-10-24 18:08:34 - [MESSAGE][PASSED] - Object: 'Object Repository/BackOffice/BO_Collection_Center/button_Search' is clicked on

2022-10-24 18:08:34 - [TEST_STEP][PASSED] - takeScreenshot(): Taking screenshot successfully

2022-10-24 18:08:35 - [MESSAGE][PASSED] - Taking screenshot successfully
[[ATTACHMENT|/Users/carlcarriedo/git/kayamo-automation/Reports/20221024_180751/BackOffice_Functional_Tests/BO_TS002_CollectionCenter_View/20221024_180751/1666606115343.png]]

2022-10-24 18:08:35 - [TEST_STEP][PASSED] - verifyElementText(findTestObject("BackOffice/BO_Merchant_Loan_Center/table_Loan_Number"), table_loan_number): Actual text and expected text of test object 'Object Repository/BackOffice/BO_Merchant_Loan_Center/table_Loan_Number' are matched.

2022-10-24 18:08:36 - [MESSAGE][PASSED] - Actual text and expected text of test object 'Object Repository/BackOffice/BO_Merchant_Loan_Center/table_Loan_Number' are matched.

2022-10-24 18:08:36 - [TEST_STEP][PASSED] - verifyElementText(findTestObject("BackOffice/BO_Collection_Center/table_Mobile_Number"), table_mobile_number): Actual text and expected text of test object 'Object Repository/BackOffice/BO_Collection_Center/table_Mobile_Number' are matched.

2022-10-24 18:08:36 - [MESSAGE][PASSED] - Actual text and expected text of test object 'Object Repository/BackOffice/BO_Collection_Center/table_Mobile_Number' are matched.

2022-10-24 18:08:36 - [TEST_STEP][PASSED] - verifyElementText(findTestObject("Object Repository/BackOffice/BO_Collection_Center/table_Status"), table_status): Actual text and expected text of test object 'Object Repository/BackOffice/BO_Collection_Center/table_Status' are matched.

2022-10-24 18:08:37 - [MESSAGE][PASSED] - Actual text and expected text of test object 'Object Repository/BackOffice/BO_Collection_Center/table_Status' are matched.

2022-10-24 18:08:37 - [TEST_STEP][PASSED] - click(findTestObject("Object Repository/BackOffice/BO_Collection_Center/table_View")): Object: 'Object Repository/BackOffice/BO_Collection_Center/table_View' is clicked on

2022-10-24 18:08:38 - [MESSAGE][PASSED] - Object: 'Object Repository/BackOffice/BO_Collection_Center/table_View' is clicked on

2022-10-24 18:08:38 - [TEST_STEP][PASSED] - takeFullPageScreenshot(): Taking screenshot successfully

2022-10-24 18:08:42 - [MESSAGE][PASSED] - Taking screenshot successfully
[[ATTACHMENT|/Users/carlcarriedo/git/kayamo-automation/Reports/20221024_180751/BackOffice_Functional_Tests/BO_TS002_CollectionCenter_View/20221024_180751/1666606118305.png]]

2022-10-24 18:08:42 - [TEST_STEP][PASSED] - verifyElementText(findTestObject("Object Repository/BackOffice/BO_Collection_Center/h3_Details"), h3_details): Actual text and expected text of test object 'Object Repository/BackOffice/BO_Collection_Center/h3_Details' are matched.

2022-10-24 18:08:42 - [MESSAGE][PASSED] - Actual text and expected text of test object 'Object Repository/BackOffice/BO_Collection_Center/h3_Details' are matched.

2022-10-24 18:08:42 - [TEST_STEP][PASSED] - verifyElementText(findTestObject("Object Repository/BackOffice/BO_Collection_Center/h2_Loan_Information"), h2_loan_information): Actual text and expected text of test object 'Object Repository/BackOffice/BO_Collection_Center/h2_Loan_Information' are matched.

2022-10-24 18:08:43 - [MESSAGE][PASSED] - Actual text and expected text of test object 'Object Repository/BackOffice/BO_Collection_Center/h2_Loan_Information' are matched.

2022-10-24 18:08:43 - [TEST_STEP][PASSED] - verifyElementText(findTestObject("Object Repository/BackOffice/BO_Collection_Center/h2_Personal_Contact_Information"), h2_personal_contact_information): Actual text and expected text of test object 'Object Repository/BackOffice/BO_Collection_Center/h2_Personal_Contact_Information' are matched.

2022-10-24 18:08:43 - [MESSAGE][PASSED] - Actual text and expected text of test object 'Object Repository/BackOffice/BO_Collection_Center/h2_Personal_Contact_Information' are matched.

2022-10-24 18:08:43 - [TEST_STEP][PASSED] - verifyElementText(findTestObject("Object Repository/BackOffice/BO_Collection_Center/h2_Contact Reference"), h2_contact_reference): Actual text and expected text of test object 'Object Repository/BackOffice/BO_Collection_Center/h2_Contact Reference' are matched.

2022-10-24 18:08:44 - [MESSAGE][PASSED] - Actual text and expected text of test object 'Object Repository/BackOffice/BO_Collection_Center/h2_Contact Reference' are matched.

2022-10-24 18:08:44 - [TEST_STEP][PASSED] - verifyElementText(findTestObject("Object Repository/BackOffice/BO_Collection_Center/h2_collection_detail_logs"), h2_collection_detail_logs): Actual text and expected text of test object 'Object Repository/BackOffice/BO_Collection_Center/h2_collection_detail_logs' are matched.

2022-10-24 18:08:44 - [MESSAGE][PASSED] - Actual text and expected text of test object 'Object Repository/BackOffice/BO_Collection_Center/h2_collection_detail_logs' are matched.

2022-10-24 18:08:44 - [TEST_STEP][PASSED] - verifyElementText(findTestObject("Object Repository/BackOffice/BO_Collection_Center/LoanInformation_Loan_Number"), loaninformation_loan_number): Actual text and expected text of test object 'Object Repository/BackOffice/BO_Collection_Center/LoanInformation_Loan_Number' are matched.

2022-10-24 18:08:45 - [MESSAGE][PASSED] - Actual text and expected text of test object 'Object Repository/BackOffice/BO_Collection_Center/LoanInformation_Loan_Number' are matched.

2022-10-24 18:08:45 - [TEST_STEP][PASSED] - verifyElementText(findTestObject("Object Repository/BackOffice/BO_Collection_Center/PersonalContactInfo_Full_Name"), personalcontaciInfo_full_name): Actual text and expected text of test object 'Object Repository/BackOffice/BO_Collection_Center/PersonalContactInfo_Full_Name' are matched.

2022-10-24 18:08:45 - [MESSAGE][PASSED] - Actual text and expected text of test object 'Object Repository/BackOffice/BO_Collection_Center/PersonalContactInfo_Full_Name' are matched.

2022-10-24 18:08:45 - [TEST_STEP][PASSED] - verifyElementText(findTestObject("Object Repository/BackOffice/BO_Collection_Center/PersonalContactInfo_Mobile_Number"), personalcontaciInfo_mobile_number): Actual text and expected text of test object 'Object Repository/BackOffice/BO_Collection_Center/PersonalContactInfo_Mobile_Number' are matched.

2022-10-24 18:08:46 - [MESSAGE][PASSED] - Actual text and expected text of test object 'Object Repository/BackOffice/BO_Collection_Center/PersonalContactInfo_Mobile_Number' are matched.

2022-10-24 18:08:46 - [TEST_STEP][PASSED] - verifyElementPresent(findTestObject("Object Repository/BackOffice/BO_Collection_Center/ContactReference_Table"), 0): Object 'Object Repository/BackOffice/BO_Collection_Center/ContactReference_Table' is present

2022-10-24 18:08:46 - [MESSAGE][WARNING] - Timeout '0' is invalid. Using default page load timeout: '30'

2022-10-24 18:08:46 - [MESSAGE][PASSED] - Object 'Object Repository/BackOffice/BO_Collection_Center/ContactReference_Table' is present]]></system-out>
         <system-err><![CDATA[]]></system-err>
      </testcase>
      <testcase name="Test Cases/BackOffice_Functional/BO_Logout" time="2.359" classname="Test Cases/BackOffice_Functional/BO_Logout" status="PASSED">
         <system-out><![CDATA[2022-10-24 18:08:46 - [TEST_CASE][PASSED] - Test Cases/BackOffice_Functional/BO_Logout: Test Cases/BackOffice_Functional/BO_Logout

2022-10-24 18:08:46 - [TEST_STEP][PASSED] - click(findTestObject("BackOffice/Login_Logout/profile_icon")): Object: 'Object Repository/BackOffice/Login_Logout/profile_icon' is clicked on

2022-10-24 18:08:47 - [MESSAGE][PASSED] - Object: 'Object Repository/BackOffice/Login_Logout/profile_icon' is clicked on

2022-10-24 18:08:47 - [TEST_STEP][PASSED] - click(findTestObject("Object Repository/BackOffice/Login_Logout/profile_logout")): Object: 'Object Repository/BackOffice/Login_Logout/profile_logout' is clicked on

2022-10-24 18:08:47 - [MESSAGE][PASSED] - Object: 'Object Repository/BackOffice/Login_Logout/profile_logout' is clicked on

2022-10-24 18:08:47 - [TEST_STEP][PASSED] - verifyElementPresent(findTestObject("BackOffice/Login_Logout/input_Username"), 0): Object 'Object Repository/BackOffice/Login_Logout/input_Username' is present

2022-10-24 18:08:47 - [MESSAGE][WARNING] - Timeout '0' is invalid. Using default page load timeout: '30'

2022-10-24 18:08:48 - [MESSAGE][PASSED] - Object 'Object Repository/BackOffice/Login_Logout/input_Username' is present

2022-10-24 18:08:48 - [TEST_STEP][PASSED] - verifyElementPresent(findTestObject("BackOffice/Login_Logout/input_Password"), 0): Object 'Object Repository/BackOffice/Login_Logout/input_Password' is present

2022-10-24 18:08:48 - [MESSAGE][WARNING] - Timeout '0' is invalid. Using default page load timeout: '30'

2022-10-24 18:08:48 - [MESSAGE][PASSED] - Object 'Object Repository/BackOffice/Login_Logout/input_Password' is present

2022-10-24 18:08:48 - [TEST_STEP][PASSED] - closeBrowser(): Browser is closed

2022-10-24 18:08:48 - [MESSAGE][PASSED] - Browser is closed]]></system-out>
         <system-err><![CDATA[]]></system-err>
      </testcase>
      <system-out><![CDATA[2022-10-24 18:08:09 - [TEST_SUITE][PASSED] - BO_TS002_CollectionCenter_View: Test Cases/BackOffice_Functional/BO_Logout]]></system-out>
      <system-err><![CDATA[]]></system-err>
   </testsuite>
</testsuites>
